#
# There is insufficient memory for the Java Runtime Environment to continue.
# Native memory allocation (malloc) failed to allocate 32744 bytes. Error detail: Chunk::new
# Possible reasons:
#   The system is out of physical RAM or swap space
#   This process is running with CompressedOops enabled, and the Java Heap may be blocking the growth of the native heap
# Possible solutions:
#   Reduce memory load on the system
#   Increase physical memory or swap space
#   Check if swap backing store is full
#   Decrease Java heap size (-Xmx/-Xms)
#   Decrease number of Java threads
#   Decrease Java thread stack sizes (-Xss)
#   Set larger code cache with -XX:ReservedCodeCacheSize=
#   JVM is running with Zero Based Compressed Oops mode in which the Java heap is
#     placed in the first 32GB address space. The Java Heap base address is the
#     maximum limit for the native heap growth. Please use -XX:HeapBaseMinAddress
#     to set the Java Heap base and to place the Java Heap above 32GB virtual address.
# This output file may be truncated or incomplete.
#
#  Out of Memory Error (arena.cpp:168), pid=7060, tid=19228
#
# JRE version: OpenJDK Runtime Environment Microsoft-12574459 (21.0.9+10) (build 21.0.9+10-LTS)
# Java VM: OpenJDK 64-Bit Server VM Microsoft-12574459 (21.0.9+10-LTS, mixed mode, sharing, tiered, compressed oops, compressed class ptrs, g1 gc, windows-amd64)
# No core dump will be written. Minidumps are not enabled by default on client versions of Windows
#

---------------  S U M M A R Y ------------

Command Line: -javaagent:C:\Program Files\JetBrains\IntelliJ IDEA Community Edition 2025.2.5\lib\idea_rt.jar=51045 -Dfile.encoding=UTF-8 -Dsun.stdout.encoding=UTF-8 -Dsun.stderr.encoding=UTF-8 --module-path=C:\Users\ADMIN\.m2\repository\org\openjfx\javafx-controls\21.0.6\javafx-controls-21.0.6-win.jar;D:\VSCODE\.vscode\PBL3\target\classes;C:\Users\ADMIN\.m2\repository\org\openjfx\javafx-base\21.0.6\javafx-base-21.0.6-win.jar;C:\Users\ADMIN\.m2\repository\org\openjfx\javafx-graphics\21.0.6\javafx-graphics-21.0.6-win.jar;C:\Users\ADMIN\.m2\repository\org\openjfx\javafx-fxml\21.0.6\javafx-fxml-21.0.6-win.jar -Djdk.module.main=PBL3 PBL3/com.example.rentalcar.RentalApp

Host: 12th Gen Intel(R) Core(TM) i5-12450H, 12 cores, 15G,  Windows 11 , 64 bit Build 26100 (10.0.26100.5074)
Time: Sun Jan 25 16:06:25 2026 SE Asia Standard Time elapsed time: 7.275429 seconds (0d 0h 0m 7s)

---------------  T H R E A D  ---------------

Current thread (0x000001cba26a4720):  JavaThread "C2 CompilerThread0" daemon [_thread_in_native, id=19228, stack(0x000000924ad00000,0x000000924ae00000) (1024K)]


Current CompileTask:
C2:7275 1999       4       jdk.internal.org.objectweb.asm.Frame::execute (2305 bytes)

Stack: [0x000000924ad00000,0x000000924ae00000]
Native frames: (J=compiled Java code, j=interpreted, Vv=VM code, C=native code)
V  [jvm.dll+0x6df259]  (no source info available)
V  [jvm.dll+0x8bfe4b]  (no source info available)
V  [jvm.dll+0x8c23da]  (no source info available)
V  [jvm.dll+0x8c2ab3]  (no source info available)
V  [jvm.dll+0x28a416]  (no source info available)
V  [jvm.dll+0xc903d]  (no source info available)
V  [jvm.dll+0xc958c]  (no source info available)
V  [jvm.dll+0x70dfc1]  (no source info available)
V  [jvm.dll+0x1ea68e]  (no source info available)
V  [jvm.dll+0x2521f3]  (no source info available)
V  [jvm.dll+0x2516c3]  (no source info available)
V  [jvm.dll+0x1d18cf]  (no source info available)
V  [jvm.dll+0x26138a]  (no source info available)
V  [jvm.dll+0x25f6f5]  (no source info available)
V  [jvm.dll+0x401aad]  (no source info available)
V  [jvm.dll+0x869f7d]  (no source info available)
V  [jvm.dll+0x6e080d]  (no source info available)
C  [ucrtbase.dll+0x37b0]  (no source info available)
C  [KERNEL32.DLL+0x2e8d7]  (no source info available)
C  [ntdll.dll+0x8d9c]  (no source info available)


---------------  P R O C E S S  ---------------

Threads class SMR info:
_java_thread_list=0x000001cbf11abff0, length=18, elements={
0x000001cb82f1d390, 0x000001cba268f4b0, 0x000001cba2692110, 0x000001cba2697040,
0x000001cba2698f80, 0x000001cba26999d0, 0x000001cba26a2f80, 0x000001cba26a4720,
0x000001cba26a9400, 0x000001cba27ef330, 0x000001cbe8122000, 0x000001cbe8042910,
0x000001cbe8495340, 0x000001cbe939d480, 0x000001cbe938fbb0, 0x000001cbe95fb9e0,
0x000001cbe95fcce0, 0x000001cbf0dcfc70
}

Java Threads: ( => current thread )
  0x000001cb82f1d390 JavaThread "main"                              [_thread_blocked, id=1860, stack(0x0000009249f00000,0x000000924a000000) (1024K)]
  0x000001cba268f4b0 JavaThread "Reference Handler"          daemon [_thread_blocked, id=15572, stack(0x000000924a700000,0x000000924a800000) (1024K)]
  0x000001cba2692110 JavaThread "Finalizer"                  daemon [_thread_blocked, id=23520, stack(0x000000924a800000,0x000000924a900000) (1024K)]
  0x000001cba2697040 JavaThread "Signal Dispatcher"          daemon [_thread_blocked, id=20960, stack(0x000000924a900000,0x000000924aa00000) (1024K)]
  0x000001cba2698f80 JavaThread "Attach Listener"            daemon [_thread_blocked, id=11164, stack(0x000000924aa00000,0x000000924ab00000) (1024K)]
  0x000001cba26999d0 JavaThread "Service Thread"             daemon [_thread_blocked, id=15684, stack(0x000000924ab00000,0x000000924ac00000) (1024K)]
  0x000001cba26a2f80 JavaThread "Monitor Deflation Thread"   daemon [_thread_blocked, id=22764, stack(0x000000924ac00000,0x000000924ad00000) (1024K)]
=>0x000001cba26a4720 JavaThread "C2 CompilerThread0"         daemon [_thread_in_native, id=19228, stack(0x000000924ad00000,0x000000924ae00000) (1024K)]
  0x000001cba26a9400 JavaThread "C1 CompilerThread0"         daemon [_thread_blocked, id=21672, stack(0x000000924ae00000,0x000000924af00000) (1024K)]
  0x000001cba27ef330 JavaThread "Common-Cleaner"             daemon [_thread_blocked, id=17080, stack(0x000000924af00000,0x000000924b000000) (1024K)]
  0x000001cbe8122000 JavaThread "Monitor Ctrl-Break"         daemon [_thread_in_native, id=21384, stack(0x000000924b200000,0x000000924b300000) (1024K)]
  0x000001cbe8042910 JavaThread "Notification Thread"        daemon [_thread_blocked, id=10812, stack(0x000000924b300000,0x000000924b400000) (1024K)]
  0x000001cbe8495340 JavaThread "QuantumRenderer-0"          daemon [_thread_in_native, id=15164, stack(0x000000924b100000,0x000000924b200000) (1024K)]
  0x000001cbe939d480 JavaThread "InvokeLaterDispatcher"      daemon [_thread_blocked, id=19416, stack(0x000000924b800000,0x000000924b900000) (1024K)]
  0x000001cbe938fbb0 JavaThread "JavaFX Application Thread"         [_thread_blocked, id=21588, stack(0x000000924b900000,0x000000924ba00000) (1024K)]
  0x000001cbe95fb9e0 JavaThread "JavaFX-Launcher"                   [_thread_blocked, id=17268, stack(0x000000924bc00000,0x000000924bd00000) (1024K)]
  0x000001cbe95fcce0 JavaThread "Thread-2"                   daemon [_thread_in_native, id=4220, stack(0x000000924bb00000,0x000000924bc00000) (1024K)]
  0x000001cbf0dcfc70 JavaThread "Prism Font Disposer"        daemon [_thread_blocked, id=21860, stack(0x000000924c600000,0x000000924c700000) (1024K)]
Total: 18

Other Threads:
  0x000001cba2676bb0 VMThread "VM Thread"                           [id=21864, stack(0x000000924a600000,0x000000924a700000) (1024K)]
  0x000001cba26619f0 WatcherThread "VM Periodic Task Thread"        [id=22964, stack(0x000000924a500000,0x000000924a600000) (1024K)]
  0x000001cb82f81590 WorkerThread "GC Thread#0"                     [id=21920, stack(0x000000924a000000,0x000000924a100000) (1024K)]
  0x000001cbe95fd340 WorkerThread "GC Thread#1"                     [id=21024, stack(0x000000924bd00000,0x000000924be00000) (1024K)]
  0x000001cbe95fdef0 WorkerThread "GC Thread#2"                     [id=7304, stack(0x000000924be00000,0x000000924bf00000) (1024K)]
  0x000001cbe95fe290 WorkerThread "GC Thread#3"                     [id=9008, stack(0x000000924bf00000,0x000000924c000000) (1024K)]
  0x000001cbe969f890 WorkerThread "GC Thread#4"                     [id=20516, stack(0x000000924c000000,0x000000924c100000) (1024K)]
  0x000001cbe96d8290 WorkerThread "GC Thread#5"                     [id=17196, stack(0x000000924c100000,0x000000924c200000) (1024K)]
  0x000001cbf1589640 WorkerThread "GC Thread#6"                     [id=21044, stack(0x000000924c700000,0x000000924c800000) (1024K)]
  0x000001cbf1588f00 WorkerThread "GC Thread#7"                     [id=19504, stack(0x000000924c800000,0x000000924c900000) (1024K)]
  0x000001cbf15892a0 WorkerThread "GC Thread#8"                     [id=22552, stack(0x000000924c900000,0x000000924ca00000) (1024K)]
  0x000001cbf15899e0 WorkerThread "GC Thread#9"                     [id=8708, stack(0x000000924ca00000,0x000000924cb00000) (1024K)]
  0x000001cb82f92ec0 ConcurrentGCThread "G1 Main Marker"            [id=22044, stack(0x000000924a100000,0x000000924a200000) (1024K)]
  0x000001cb82f939c0 WorkerThread "G1 Conc#0"                       [id=16272, stack(0x000000924a200000,0x000000924a300000) (1024K)]
  0x000001cba2536e40 ConcurrentGCThread "G1 Refine#0"               [id=23220, stack(0x000000924a300000,0x000000924a400000) (1024K)]
  0x000001cba2537660 ConcurrentGCThread "G1 Service"                [id=2248, stack(0x000000924a400000,0x000000924a500000) (1024K)]
Total: 16

Threads with active compile tasks:
C2 CompilerThread0  7296 1999       4       jdk.internal.org.objectweb.asm.Frame::execute (2305 bytes)
Total: 1

VM state: not at safepoint (normal execution)

VM Mutex/Monitor currently owned by a thread: None

Heap address: 0x0000000704400000, size: 4028 MB, Compressed Oops mode: Zero based, Oop shift amount: 3

CDS archive(s) mapped at: [0x000001cba3000000-0x000001cba3c80000-0x000001cba3c80000), size 13107200, SharedBaseAddress: 0x000001cba3000000, ArchiveRelocationMode: 1.
Compressed class space mapped at: 0x000001cba4000000-0x000001cbe4000000, reserved size: 1073741824
Narrow klass base: 0x000001cba3000000, Narrow klass shift: 0, Narrow klass range: 0x100000000

GC Precious Log:
 CardTable entry size: 512
 Card Set container configuration: InlinePtr #cards 4 size 8 Array Of Cards #cards 16 size 48 Howl #buckets 8 coarsen threshold 3686 Howl Bitmap #cards 512 size 80 coarsen threshold 460 Card regions per heap region 1 cards per card region 4096
 CPUs: 12 total, 12 available
 Memory: 16107M
 Large Page Support: Disabled
 NUMA Support: Disabled
 Compressed Oops: Enabled (Zero based)
 Heap Region Size: 2M
 Heap Min Capacity: 8M
 Heap Initial Capacity: 252M
 Heap Max Capacity: 4028M
 Pre-touch: Disabled
 Parallel Workers: 10
 Concurrent Workers: 3
 Concurrent Refinement Workers: 10
 Periodic GC: Disabled

Heap:
 garbage-first heap   total 258048K, used 19045K [0x0000000704400000, 0x0000000800000000)
  region size 2048K, 8 young (16384K), 3 survivors (6144K)
 Metaspace       used 15082K, committed 15424K, reserved 1114112K
  class space    used 2348K, committed 2496K, reserved 1048576K

Heap Regions: E=young(eden), S=young(survivor), O=old, HS=humongous(starts), HC=humongous(continues), CS=collection set, F=free, TAMS=top-at-mark-start, PB=parsable bottom
|   0|0x0000000704400000, 0x0000000704600000, 0x0000000704600000|100%|HS|  |TAMS 0x0000000704400000| PB 0x0000000704400000| Complete 
|   1|0x0000000704600000, 0x0000000704800000, 0x0000000704800000|100%|HS|  |TAMS 0x0000000704600000| PB 0x0000000704600000| Complete 
|   2|0x0000000704800000, 0x0000000704899618, 0x0000000704a00000| 29%| O|  |TAMS 0x0000000704800000| PB 0x0000000704800000| Untracked 
|   3|0x0000000704a00000, 0x0000000704a00000, 0x0000000704c00000|  0%| F|  |TAMS 0x0000000704a00000| PB 0x0000000704a00000| Untracked 
|   4|0x0000000704c00000, 0x0000000704c00000, 0x0000000704e00000|  0%| F|  |TAMS 0x0000000704c00000| PB 0x0000000704c00000| Untracked 
|   5|0x0000000704e00000, 0x0000000704e00000, 0x0000000705000000|  0%| F|  |TAMS 0x0000000704e00000| PB 0x0000000704e00000| Untracked 
|   6|0x0000000705000000, 0x0000000705000000, 0x0000000705200000|  0%| F|  |TAMS 0x0000000705000000| PB 0x0000000705000000| Untracked 
|   7|0x0000000705200000, 0x0000000705200000, 0x0000000705400000|  0%| F|  |TAMS 0x0000000705200000| PB 0x0000000705200000| Untracked 
|   8|0x0000000705400000, 0x0000000705400000, 0x0000000705600000|  0%| F|  |TAMS 0x0000000705400000| PB 0x0000000705400000| Untracked 
|   9|0x0000000705600000, 0x0000000705600000, 0x0000000705800000|  0%| F|  |TAMS 0x0000000705600000| PB 0x0000000705600000| Untracked 
|  10|0x0000000705800000, 0x0000000705800000, 0x0000000705a00000|  0%| F|  |TAMS 0x0000000705800000| PB 0x0000000705800000| Untracked 
|  11|0x0000000705a00000, 0x0000000705a00000, 0x0000000705c00000|  0%| F|  |TAMS 0x0000000705a00000| PB 0x0000000705a00000| Untracked 
|  12|0x0000000705c00000, 0x0000000705c00000, 0x0000000705e00000|  0%| F|  |TAMS 0x0000000705c00000| PB 0x0000000705c00000| Untracked 
|  13|0x0000000705e00000, 0x0000000705e00000, 0x0000000706000000|  0%| F|  |TAMS 0x0000000705e00000| PB 0x0000000705e00000| Untracked 
|  14|0x0000000706000000, 0x0000000706000000, 0x0000000706200000|  0%| F|  |TAMS 0x0000000706000000| PB 0x0000000706000000| Untracked 
|  15|0x0000000706200000, 0x0000000706200000, 0x0000000706400000|  0%| F|  |TAMS 0x0000000706200000| PB 0x0000000706200000| Untracked 
|  16|0x0000000706400000, 0x0000000706400000, 0x0000000706600000|  0%| F|  |TAMS 0x0000000706400000| PB 0x0000000706400000| Untracked 
|  17|0x0000000706600000, 0x0000000706600000, 0x0000000706800000|  0%| F|  |TAMS 0x0000000706600000| PB 0x0000000706600000| Untracked 
|  18|0x0000000706800000, 0x0000000706800000, 0x0000000706a00000|  0%| F|  |TAMS 0x0000000706800000| PB 0x0000000706800000| Untracked 
|  19|0x0000000706a00000, 0x0000000706a00000, 0x0000000706c00000|  0%| F|  |TAMS 0x0000000706a00000| PB 0x0000000706a00000| Untracked 
|  20|0x0000000706c00000, 0x0000000706c00000, 0x0000000706e00000|  0%| F|  |TAMS 0x0000000706c00000| PB 0x0000000706c00000| Untracked 
|  21|0x0000000706e00000, 0x0000000706e00000, 0x0000000707000000|  0%| F|  |TAMS 0x0000000706e00000| PB 0x0000000706e00000| Untracked 
|  22|0x0000000707000000, 0x0000000707000000, 0x0000000707200000|  0%| F|  |TAMS 0x0000000707000000| PB 0x0000000707000000| Untracked 
|  23|0x0000000707200000, 0x0000000707200000, 0x0000000707400000|  0%| F|  |TAMS 0x0000000707200000| PB 0x0000000707200000| Untracked 
|  24|0x0000000707400000, 0x0000000707400000, 0x0000000707600000|  0%| F|  |TAMS 0x0000000707400000| PB 0x0000000707400000| Untracked 
|  25|0x0000000707600000, 0x0000000707600000, 0x0000000707800000|  0%| F|  |TAMS 0x0000000707600000| PB 0x0000000707600000| Untracked 
|  26|0x0000000707800000, 0x0000000707800000, 0x0000000707a00000|  0%| F|  |TAMS 0x0000000707800000| PB 0x0000000707800000| Untracked 
|  27|0x0000000707a00000, 0x0000000707a00000, 0x0000000707c00000|  0%| F|  |TAMS 0x0000000707a00000| PB 0x0000000707a00000| Untracked 
|  28|0x0000000707c00000, 0x0000000707c00000, 0x0000000707e00000|  0%| F|  |TAMS 0x0000000707c00000| PB 0x0000000707c00000| Untracked 
|  29|0x0000000707e00000, 0x0000000707e00000, 0x0000000708000000|  0%| F|  |TAMS 0x0000000707e00000| PB 0x0000000707e00000| Untracked 
|  30|0x0000000708000000, 0x0000000708000000, 0x0000000708200000|  0%| F|  |TAMS 0x0000000708000000| PB 0x0000000708000000| Untracked 
|  31|0x0000000708200000, 0x0000000708200000, 0x0000000708400000|  0%| F|  |TAMS 0x0000000708200000| PB 0x0000000708200000| Untracked 
|  32|0x0000000708400000, 0x0000000708400000, 0x0000000708600000|  0%| F|  |TAMS 0x0000000708400000| PB 0x0000000708400000| Untracked 
|  33|0x0000000708600000, 0x0000000708600000, 0x0000000708800000|  0%| F|  |TAMS 0x0000000708600000| PB 0x0000000708600000| Untracked 
|  34|0x0000000708800000, 0x0000000708800000, 0x0000000708a00000|  0%| F|  |TAMS 0x0000000708800000| PB 0x0000000708800000| Untracked 
|  35|0x0000000708a00000, 0x0000000708a00000, 0x0000000708c00000|  0%| F|  |TAMS 0x0000000708a00000| PB 0x0000000708a00000| Untracked 
|  36|0x0000000708c00000, 0x0000000708c00000, 0x0000000708e00000|  0%| F|  |TAMS 0x0000000708c00000| PB 0x0000000708c00000| Untracked 
|  37|0x0000000708e00000, 0x0000000708e00000, 0x0000000709000000|  0%| F|  |TAMS 0x0000000708e00000| PB 0x0000000708e00000| Untracked 
|  38|0x0000000709000000, 0x0000000709000000, 0x0000000709200000|  0%| F|  |TAMS 0x0000000709000000| PB 0x0000000709000000| Untracked 
|  39|0x0000000709200000, 0x0000000709200000, 0x0000000709400000|  0%| F|  |TAMS 0x0000000709200000| PB 0x0000000709200000| Untracked 
|  40|0x0000000709400000, 0x0000000709400000, 0x0000000709600000|  0%| F|  |TAMS 0x0000000709400000| PB 0x0000000709400000| Untracked 
|  41|0x0000000709600000, 0x0000000709600000, 0x0000000709800000|  0%| F|  |TAMS 0x0000000709600000| PB 0x0000000709600000| Untracked 
|  42|0x0000000709800000, 0x0000000709800000, 0x0000000709a00000|  0%| F|  |TAMS 0x0000000709800000| PB 0x0000000709800000| Untracked 
|  43|0x0000000709a00000, 0x0000000709a00000, 0x0000000709c00000|  0%| F|  |TAMS 0x0000000709a00000| PB 0x0000000709a00000| Untracked 
|  44|0x0000000709c00000, 0x0000000709c00000, 0x0000000709e00000|  0%| F|  |TAMS 0x0000000709c00000| PB 0x0000000709c00000| Untracked 
|  45|0x0000000709e00000, 0x0000000709e00000, 0x000000070a000000|  0%| F|  |TAMS 0x0000000709e00000| PB 0x0000000709e00000| Untracked 
|  46|0x000000070a000000, 0x000000070a000000, 0x000000070a200000|  0%| F|  |TAMS 0x000000070a000000| PB 0x000000070a000000| Untracked 
|  47|0x000000070a200000, 0x000000070a200000, 0x000000070a400000|  0%| F|  |TAMS 0x000000070a200000| PB 0x000000070a200000| Untracked 
|  48|0x000000070a400000, 0x000000070a400000, 0x000000070a600000|  0%| F|  |TAMS 0x000000070a400000| PB 0x000000070a400000| Untracked 
|  49|0x000000070a600000, 0x000000070a600000, 0x000000070a800000|  0%| F|  |TAMS 0x000000070a600000| PB 0x000000070a600000| Untracked 
|  50|0x000000070a800000, 0x000000070a800000, 0x000000070aa00000|  0%| F|  |TAMS 0x000000070a800000| PB 0x000000070a800000| Untracked 
|  51|0x000000070aa00000, 0x000000070aa00000, 0x000000070ac00000|  0%| F|  |TAMS 0x000000070aa00000| PB 0x000000070aa00000| Untracked 
|  52|0x000000070ac00000, 0x000000070ac00000, 0x000000070ae00000|  0%| F|  |TAMS 0x000000070ac00000| PB 0x000000070ac00000| Untracked 
|  53|0x000000070ae00000, 0x000000070ae00000, 0x000000070b000000|  0%| F|  |TAMS 0x000000070ae00000| PB 0x000000070ae00000| Untracked 
|  54|0x000000070b000000, 0x000000070b000000, 0x000000070b200000|  0%| F|  |TAMS 0x000000070b000000| PB 0x000000070b000000| Untracked 
|  55|0x000000070b200000, 0x000000070b200000, 0x000000070b400000|  0%| F|  |TAMS 0x000000070b200000| PB 0x000000070b200000| Untracked 
|  56|0x000000070b400000, 0x000000070b400000, 0x000000070b600000|  0%| F|  |TAMS 0x000000070b400000| PB 0x000000070b400000| Untracked 
|  57|0x000000070b600000, 0x000000070b600000, 0x000000070b800000|  0%| F|  |TAMS 0x000000070b600000| PB 0x000000070b600000| Untracked 
|  58|0x000000070b800000, 0x000000070b800000, 0x000000070ba00000|  0%| F|  |TAMS 0x000000070b800000| PB 0x000000070b800000| Untracked 
|  59|0x000000070ba00000, 0x000000070ba00000, 0x000000070bc00000|  0%| F|  |TAMS 0x000000070ba00000| PB 0x000000070ba00000| Untracked 
|  60|0x000000070bc00000, 0x000000070bc00000, 0x000000070be00000|  0%| F|  |TAMS 0x000000070bc00000| PB 0x000000070bc00000| Untracked 
|  61|0x000000070be00000, 0x000000070be00000, 0x000000070c000000|  0%| F|  |TAMS 0x000000070be00000| PB 0x000000070be00000| Untracked 
|  62|0x000000070c000000, 0x000000070c000000, 0x000000070c200000|  0%| F|  |TAMS 0x000000070c000000| PB 0x000000070c000000| Untracked 
|  63|0x000000070c200000, 0x000000070c200000, 0x000000070c400000|  0%| F|  |TAMS 0x000000070c200000| PB 0x000000070c200000| Untracked 
|  64|0x000000070c400000, 0x000000070c400000, 0x000000070c600000|  0%| F|  |TAMS 0x000000070c400000| PB 0x000000070c400000| Untracked 
|  65|0x000000070c600000, 0x000000070c600000, 0x000000070c800000|  0%| F|  |TAMS 0x000000070c600000| PB 0x000000070c600000| Untracked 
|  66|0x000000070c800000, 0x000000070c800000, 0x000000070ca00000|  0%| F|  |TAMS 0x000000070c800000| PB 0x000000070c800000| Untracked 
|  67|0x000000070ca00000, 0x000000070ca00000, 0x000000070cc00000|  0%| F|  |TAMS 0x000000070ca00000| PB 0x000000070ca00000| Untracked 
|  68|0x000000070cc00000, 0x000000070cc00000, 0x000000070ce00000|  0%| F|  |TAMS 0x000000070cc00000| PB 0x000000070cc00000| Untracked 
|  69|0x000000070ce00000, 0x000000070ce00000, 0x000000070d000000|  0%| F|  |TAMS 0x000000070ce00000| PB 0x000000070ce00000| Untracked 
|  70|0x000000070d000000, 0x000000070d000000, 0x000000070d200000|  0%| F|  |TAMS 0x000000070d000000| PB 0x000000070d000000| Untracked 
|  71|0x000000070d200000, 0x000000070d200000, 0x000000070d400000|  0%| F|  |TAMS 0x000000070d200000| PB 0x000000070d200000| Untracked 
|  72|0x000000070d400000, 0x000000070d400000, 0x000000070d600000|  0%| F|  |TAMS 0x000000070d400000| PB 0x000000070d400000| Untracked 
|  73|0x000000070d600000, 0x000000070d600000, 0x000000070d800000|  0%| F|  |TAMS 0x000000070d600000| PB 0x000000070d600000| Untracked 
|  74|0x000000070d800000, 0x000000070d800000, 0x000000070da00000|  0%| F|  |TAMS 0x000000070d800000| PB 0x000000070d800000| Untracked 
|  75|0x000000070da00000, 0x000000070da00000, 0x000000070dc00000|  0%| F|  |TAMS 0x000000070da00000| PB 0x000000070da00000| Untracked 
|  76|0x000000070dc00000, 0x000000070dc00000, 0x000000070de00000|  0%| F|  |TAMS 0x000000070dc00000| PB 0x000000070dc00000| Untracked 
|  77|0x000000070de00000, 0x000000070de00000, 0x000000070e000000|  0%| F|  |TAMS 0x000000070de00000| PB 0x000000070de00000| Untracked 
|  78|0x000000070e000000, 0x000000070e000000, 0x000000070e200000|  0%| F|  |TAMS 0x000000070e000000| PB 0x000000070e000000| Untracked 
|  79|0x000000070e200000, 0x000000070e200000, 0x000000070e400000|  0%| F|  |TAMS 0x000000070e200000| PB 0x000000070e200000| Untracked 
|  80|0x000000070e400000, 0x000000070e400000, 0x000000070e600000|  0%| F|  |TAMS 0x000000070e400000| PB 0x000000070e400000| Untracked 
|  81|0x000000070e600000, 0x000000070e600000, 0x000000070e800000|  0%| F|  |TAMS 0x000000070e600000| PB 0x000000070e600000| Untracked 
|  82|0x000000070e800000, 0x000000070e800000, 0x000000070ea00000|  0%| F|  |TAMS 0x000000070e800000| PB 0x000000070e800000| Untracked 
|  83|0x000000070ea00000, 0x000000070ea00000, 0x000000070ec00000|  0%| F|  |TAMS 0x000000070ea00000| PB 0x000000070ea00000| Untracked 
|  84|0x000000070ec00000, 0x000000070ec00000, 0x000000070ee00000|  0%| F|  |TAMS 0x000000070ec00000| PB 0x000000070ec00000| Untracked 
|  85|0x000000070ee00000, 0x000000070ee00000, 0x000000070f000000|  0%| F|  |TAMS 0x000000070ee00000| PB 0x000000070ee00000| Untracked 
|  86|0x000000070f000000, 0x000000070f000000, 0x000000070f200000|  0%| F|  |TAMS 0x000000070f000000| PB 0x000000070f000000| Untracked 
|  87|0x000000070f200000, 0x000000070f200000, 0x000000070f400000|  0%| F|  |TAMS 0x000000070f200000| PB 0x000000070f200000| Untracked 
|  88|0x000000070f400000, 0x000000070f400000, 0x000000070f600000|  0%| F|  |TAMS 0x000000070f400000| PB 0x000000070f400000| Untracked 
|  89|0x000000070f600000, 0x000000070f600000, 0x000000070f800000|  0%| F|  |TAMS 0x000000070f600000| PB 0x000000070f600000| Untracked 
|  90|0x000000070f800000, 0x000000070f800000, 0x000000070fa00000|  0%| F|  |TAMS 0x000000070f800000| PB 0x000000070f800000| Untracked 
|  91|0x000000070fa00000, 0x000000070fa00000, 0x000000070fc00000|  0%| F|  |TAMS 0x000000070fa00000| PB 0x000000070fa00000| Untracked 
|  92|0x000000070fc00000, 0x000000070fc00000, 0x000000070fe00000|  0%| F|  |TAMS 0x000000070fc00000| PB 0x000000070fc00000| Untracked 
|  93|0x000000070fe00000, 0x000000070fe00000, 0x0000000710000000|  0%| F|  |TAMS 0x000000070fe00000| PB 0x000000070fe00000| Untracked 
|  94|0x0000000710000000, 0x0000000710000000, 0x0000000710200000|  0%| F|  |TAMS 0x0000000710000000| PB 0x0000000710000000| Untracked 
|  95|0x0000000710200000, 0x0000000710200000, 0x0000000710400000|  0%| F|  |TAMS 0x0000000710200000| PB 0x0000000710200000| Untracked 
|  96|0x0000000710400000, 0x0000000710400000, 0x0000000710600000|  0%| F|  |TAMS 0x0000000710400000| PB 0x0000000710400000| Untracked 
|  97|0x0000000710600000, 0x0000000710600000, 0x0000000710800000|  0%| F|  |TAMS 0x0000000710600000| PB 0x0000000710600000| Untracked 
|  98|0x0000000710800000, 0x0000000710800000, 0x0000000710a00000|  0%| F|  |TAMS 0x0000000710800000| PB 0x0000000710800000| Untracked 
|  99|0x0000000710a00000, 0x0000000710a00000, 0x0000000710c00000|  0%| F|  |TAMS 0x0000000710a00000| PB 0x0000000710a00000| Untracked 
| 100|0x0000000710c00000, 0x0000000710c00000, 0x0000000710e00000|  0%| F|  |TAMS 0x0000000710c00000| PB 0x0000000710c00000| Untracked 
| 101|0x0000000710e00000, 0x0000000710e00000, 0x0000000711000000|  0%| F|  |TAMS 0x0000000710e00000| PB 0x0000000710e00000| Untracked 
| 102|0x0000000711000000, 0x0000000711200000, 0x0000000711200000|100%| S|CS|TAMS 0x0000000711000000| PB 0x0000000711000000| Complete 
| 103|0x0000000711200000, 0x0000000711400000, 0x0000000711400000|100%| S|CS|TAMS 0x0000000711200000| PB 0x0000000711200000| Complete 
| 104|0x0000000711400000, 0x0000000711600000, 0x0000000711600000|100%| S|CS|TAMS 0x0000000711400000| PB 0x0000000711400000| Complete 
| 105|0x0000000711600000, 0x0000000711600000, 0x0000000711800000|  0%| F|  |TAMS 0x0000000711600000| PB 0x0000000711600000| Untracked 
| 106|0x0000000711800000, 0x0000000711800000, 0x0000000711a00000|  0%| F|  |TAMS 0x0000000711800000| PB 0x0000000711800000| Untracked 
| 107|0x0000000711a00000, 0x0000000711a00000, 0x0000000711c00000|  0%| F|  |TAMS 0x0000000711a00000| PB 0x0000000711a00000| Untracked 
| 108|0x0000000711c00000, 0x0000000711c00000, 0x0000000711e00000|  0%| F|  |TAMS 0x0000000711c00000| PB 0x0000000711c00000| Untracked 
| 109|0x0000000711e00000, 0x0000000711e00000, 0x0000000712000000|  0%| F|  |TAMS 0x0000000711e00000| PB 0x0000000711e00000| Untracked 
| 110|0x0000000712000000, 0x0000000712000000, 0x0000000712200000|  0%| F|  |TAMS 0x0000000712000000| PB 0x0000000712000000| Untracked 
| 111|0x0000000712200000, 0x0000000712200000, 0x0000000712400000|  0%| F|  |TAMS 0x0000000712200000| PB 0x0000000712200000| Untracked 
| 112|0x0000000712400000, 0x0000000712400000, 0x0000000712600000|  0%| F|  |TAMS 0x0000000712400000| PB 0x0000000712400000| Untracked 
| 113|0x0000000712600000, 0x0000000712600000, 0x0000000712800000|  0%| F|  |TAMS 0x0000000712600000| PB 0x0000000712600000| Untracked 
| 114|0x0000000712800000, 0x0000000712800000, 0x0000000712a00000|  0%| F|  |TAMS 0x0000000712800000| PB 0x0000000712800000| Untracked 
| 115|0x0000000712a00000, 0x0000000712a00000, 0x0000000712c00000|  0%| F|  |TAMS 0x0000000712a00000| PB 0x0000000712a00000| Untracked 
| 116|0x0000000712c00000, 0x0000000712c00000, 0x0000000712e00000|  0%| F|  |TAMS 0x0000000712c00000| PB 0x0000000712c00000| Untracked 
| 117|0x0000000712e00000, 0x0000000712e00000, 0x0000000713000000|  0%| F|  |TAMS 0x0000000712e00000| PB 0x0000000712e00000| Untracked 
| 118|0x0000000713000000, 0x0000000713000000, 0x0000000713200000|  0%| F|  |TAMS 0x0000000713000000| PB 0x0000000713000000| Untracked 
| 119|0x0000000713200000, 0x0000000713200000, 0x0000000713400000|  0%| F|  |TAMS 0x0000000713200000| PB 0x0000000713200000| Untracked 
| 120|0x0000000713400000, 0x0000000713400000, 0x0000000713600000|  0%| F|  |TAMS 0x0000000713400000| PB 0x0000000713400000| Untracked 
| 121|0x0000000713600000, 0x0000000713800000, 0x0000000713800000|100%| E|  |TAMS 0x0000000713600000| PB 0x0000000713600000| Complete 
| 122|0x0000000713800000, 0x0000000713a00000, 0x0000000713a00000|100%| E|CS|TAMS 0x0000000713800000| PB 0x0000000713800000| Complete 
| 123|0x0000000713a00000, 0x0000000713c00000, 0x0000000713c00000|100%| E|CS|TAMS 0x0000000713a00000| PB 0x0000000713a00000| Complete 
| 124|0x0000000713c00000, 0x0000000713e00000, 0x0000000713e00000|100%| E|CS|TAMS 0x0000000713c00000| PB 0x0000000713c00000| Complete 
| 125|0x0000000713e00000, 0x0000000714000000, 0x0000000714000000|100%| E|CS|TAMS 0x0000000713e00000| PB 0x0000000713e00000| Complete 

Card table byte_map: [0x000001cb9b360000,0x000001cb9bb40000] _byte_map_base: 0x000001cb97b3e000

Marking Bits: (CMBitMap*) 0x000001cb82f81ba0
 Bits: [0x000001cb9bb40000, 0x000001cb9fa30000)

Polling page: 0x000001cb80d50000

Metaspace:

Usage:
  Non-class:     12.44 MB used.
      Class:      2.29 MB used.
       Both:     14.73 MB used.

Virtual space:
  Non-class space:       64.00 MB reserved,      12.62 MB ( 20%) committed,  1 nodes.
      Class space:        1.00 GB reserved,       2.44 MB ( <1%) committed,  1 nodes.
             Both:        1.06 GB reserved,      15.06 MB (  1%) committed. 

Chunk freelists:
   Non-Class:  2.59 MB
       Class:  13.51 MB
        Both:  16.11 MB

MaxMetaspaceSize: unlimited
CompressedClassSpaceSize: 1.00 GB
Initial GC threshold: 21.00 MB
Current GC threshold: 21.00 MB
CDS: on
 - commit_granule_bytes: 65536.
 - commit_granule_words: 8192.
 - virtual_space_node_default_size: 8388608.
 - enlarge_chunks_in_place: 1.
 - use_allocation_guard: 0.


Internal statistics:

num_allocs_failed_limit: 0.
num_arena_births: 364.
num_arena_deaths: 0.
num_vsnodes_births: 2.
num_vsnodes_deaths: 0.
num_space_committed: 241.
num_space_uncommitted: 0.
num_chunks_returned_to_freelist: 0.
num_chunks_taken_from_freelist: 847.
num_chunk_merges: 0.
num_chunk_splits: 566.
num_chunks_enlarged: 417.
num_inconsistent_stats: 0.

CodeHeap 'non-profiled nmethods': size=120000Kb used=830Kb max_used=830Kb free=119170Kb
 bounds [0x000001cb93100000, 0x000001cb93370000, 0x000001cb9a630000]
CodeHeap 'profiled nmethods': size=120000Kb used=3485Kb max_used=3485Kb free=116514Kb
 bounds [0x000001cb8b630000, 0x000001cb8b9a0000, 0x000001cb92b60000]
CodeHeap 'non-nmethods': size=5760Kb used=1639Kb max_used=1639Kb free=4120Kb
 bounds [0x000001cb92b60000, 0x000001cb92dd0000, 0x000001cb93100000]
CodeCache: size=245760Kb, used=5954Kb, max_used=5954Kb, free=239804Kb
 total_blobs=2781, nmethods=1997, adapters=688, full_count=0
Compilation: enabled, stopped_count=0, restarted_count=0

Compilation events (20 events):
Event: 4.667 Thread 0x000001cba26a9400 1990       3       com.sun.javafx.tk.quantum.QuantumToolkit$$Lambda/0x000001cba403b688::run (8 bytes)
Event: 4.667 Thread 0x000001cba26a9400 nmethod 1990 0x000001cb8b990f10 code [0x000001cb8b991100, 0x000001cb8b9914a8]
Event: 4.667 Thread 0x000001cba26a9400 1991   !   3       com.sun.javafx.tk.quantum.QuantumToolkit::lambda$runToolkit$12 (16 bytes)
Event: 4.668 Thread 0x000001cba26a9400 nmethod 1991 0x000001cb8b991690 code [0x000001cb8b991880, 0x000001cb8b991bc0]
Event: 4.939 Thread 0x000001cba26a9400 1992       3       java.util.concurrent.atomic.AtomicBoolean::getAndSet (25 bytes)
Event: 4.940 Thread 0x000001cba26a9400 nmethod 1992 0x000001cb8b991d10 code [0x000001cb8b991f40, 0x000001cb8b992678]
Event: 4.940 Thread 0x000001cba26a9400 1993       3       java.lang.invoke.VarHandleInts$FieldInstanceReadWrite::getAndSet (28 bytes)
Event: 4.941 Thread 0x000001cba26a9400 nmethod 1993 0x000001cb8b992910 code [0x000001cb8b992b00, 0x000001cb8b993080]
Event: 5.067 Thread 0x000001cba26a9400 1994       3       com.sun.javafx.tk.quantum.QuantumToolkit::setPulseRunning (9 bytes)
Event: 5.068 Thread 0x000001cba26a9400 nmethod 1994 0x000001cb8b993290 code [0x000001cb8b9934e0, 0x000001cb8b993d38]
Event: 5.242 Thread 0x000001cba26a9400 1995       3       java.lang.System$2::findBootstrapClassOrNull (5 bytes)
Event: 5.242 Thread 0x000001cba26a9400 nmethod 1995 0x000001cb8b994010 code [0x000001cb8b9941e0, 0x000001cb8b9943f8]
Event: 5.242 Thread 0x000001cba26a9400 1996       3       java.lang.ClassLoader::findBootstrapClassOrNull (14 bytes)
Event: 5.242 Thread 0x000001cba26a9400 nmethod 1996 0x000001cb8b994510 code [0x000001cb8b9946e0, 0x000001cb8b994898]
Event: 5.251 Thread 0x000001cba26a9400 1997       3       java.lang.invoke.ClassSpecializer$SpeciesData::factory (14 bytes)
Event: 5.251 Thread 0x000001cba26a9400 nmethod 1997 0x000001cb8b994990 code [0x000001cb8b994b40, 0x000001cb8b994e18]
Event: 5.251 Thread 0x000001cba26a9400 1998       3       java.lang.invoke.LambdaFormEditor$TransformKey::of (51 bytes)
Event: 5.252 Thread 0x000001cba26a9400 nmethod 1998 0x000001cb8b994f10 code [0x000001cb8b995120, 0x000001cb8b9955e8]
Event: 5.252 Thread 0x000001cba26a4720 1999       4       jdk.internal.org.objectweb.asm.Frame::execute (2305 bytes)
Event: 6.715 Thread 0x000001cba26a9400 2000       3       com.sun.javafx.tk.quantum.QuantumToolkit::postPulse (133 bytes)

GC Heap History (4 events):
Event: 0.587 GC heap before
{Heap before GC invocations=0 (full 0):
 garbage-first heap   total 258048K, used 22528K [0x0000000704400000, 0x0000000800000000)
  region size 2048K, 11 young (22528K), 0 survivors (0K)
 Metaspace       used 4587K, committed 4800K, reserved 1114112K
  class space    used 495K, committed 576K, reserved 1048576K
}
Event: 0.589 GC heap after
{Heap after GC invocations=1 (full 0):
 garbage-first heap   total 258048K, used 2847K [0x0000000704400000, 0x0000000800000000)
  region size 2048K, 2 young (4096K), 2 survivors (4096K)
 Metaspace       used 4587K, committed 4800K, reserved 1114112K
  class space    used 495K, committed 576K, reserved 1048576K
}
Event: 1.088 GC heap before
{Heap before GC invocations=1 (full 0):
 garbage-first heap   total 258048K, used 45855K [0x0000000704400000, 0x0000000800000000)
  region size 2048K, 21 young (43008K), 2 survivors (4096K)
 Metaspace       used 13312K, committed 13696K, reserved 1114112K
  class space    used 1924K, committed 2112K, reserved 1048576K
}
Event: 1.094 GC heap after
{Heap after GC invocations=2 (full 0):
 garbage-first heap   total 258048K, used 10853K [0x0000000704400000, 0x0000000800000000)
  region size 2048K, 3 young (6144K), 3 survivors (6144K)
 Metaspace       used 13312K, committed 13696K, reserved 1114112K
  class space    used 1924K, committed 2112K, reserved 1048576K
}

Dll operation events (20 events):
Event: 0.309 Loaded shared library C:\Users\ADMIN\.openjfx\cache\21.0.6+3\amd64\api-ms-win-crt-math-l1-1-0.dll
Event: 0.311 Loaded shared library C:\Users\ADMIN\.openjfx\cache\21.0.6+3\amd64\api-ms-win-crt-multibyte-l1-1-0.dll
Event: 0.314 Loaded shared library C:\Users\ADMIN\.openjfx\cache\21.0.6+3\amd64\api-ms-win-crt-private-l1-1-0.dll
Event: 0.315 Loaded shared library C:\Users\ADMIN\.openjfx\cache\21.0.6+3\amd64\api-ms-win-crt-process-l1-1-0.dll
Event: 0.317 Loaded shared library C:\Users\ADMIN\.openjfx\cache\21.0.6+3\amd64\api-ms-win-crt-runtime-l1-1-0.dll
Event: 0.319 Loaded shared library C:\Users\ADMIN\.openjfx\cache\21.0.6+3\amd64\api-ms-win-crt-stdio-l1-1-0.dll
Event: 0.321 Loaded shared library C:\Users\ADMIN\.openjfx\cache\21.0.6+3\amd64\api-ms-win-crt-string-l1-1-0.dll
Event: 0.323 Loaded shared library C:\Users\ADMIN\.openjfx\cache\21.0.6+3\amd64\api-ms-win-crt-time-l1-1-0.dll
Event: 0.325 Loaded shared library C:\Users\ADMIN\.openjfx\cache\21.0.6+3\amd64\api-ms-win-crt-utility-l1-1-0.dll
Event: 0.340 Loaded shared library C:\Users\ADMIN\.openjfx\cache\21.0.6+3\amd64\ucrtbase.dll
Event: 0.343 Loaded shared library C:\Users\ADMIN\.openjfx\cache\21.0.6+3\amd64\vcruntime140.dll
Event: 0.350 Loaded shared library C:\Users\ADMIN\.openjfx\cache\21.0.6+3\amd64\vcruntime140_1.dll
Event: 0.360 Loaded shared library C:\Users\ADMIN\.openjfx\cache\21.0.6+3\amd64\msvcp140.dll
Event: 0.363 Loaded shared library C:\Users\ADMIN\.openjfx\cache\21.0.6+3\amd64\msvcp140_1.dll
Event: 0.369 Loaded shared library C:\Users\ADMIN\.openjfx\cache\21.0.6+3\amd64\msvcp140_2.dll
Event: 0.413 Loaded shared library C:\Users\ADMIN\.openjfx\cache\21.0.6+3\amd64\prism_d3d.dll
Event: 0.503 Loaded shared library C:\Users\ADMIN\.openjfx\cache\21.0.6+3\amd64\glass.dll
Event: 0.605 Loaded shared library C:\Users\ADMIN\.jdks\ms-21.0.9\bin\jimage.dll
Event: 0.742 Loaded shared library C:\Users\ADMIN\.openjfx\cache\21.0.6+3\amd64\javafx_font.dll
Event: 0.825 Loaded shared library C:\Users\ADMIN\.openjfx\cache\21.0.6+3\amd64\javafx_iio.dll

Deoptimization events (20 events):
Event: 1.030 Thread 0x000001cbe938fbb0 Uncommon trap: trap_request=0xffffffde fr.pc=0x000001cb9318b234 relative=0x0000000000000194
Event: 1.030 Thread 0x000001cbe938fbb0 Uncommon trap: reason=class_check action=maybe_recompile pc=0x000001cb9318b234 method=java.lang.String.equals(Ljava/lang/Object;)Z @ 8 c2
Event: 1.030 Thread 0x000001cbe938fbb0 DEOPT PACKING pc=0x000001cb9318b234 sp=0x000000924b9fda90
Event: 1.030 Thread 0x000001cbe938fbb0 DEOPT UNPACKING pc=0x000001cb92bb4422 sp=0x000000924b9fda28 mode 2
Event: 2.137 Thread 0x000001cbe938fbb0 Uncommon trap: trap_request=0xffffff45 fr.pc=0x000001cb9310d9dc relative=0x000000000000029c
Event: 2.137 Thread 0x000001cbe938fbb0 Uncommon trap: reason=unstable_if action=reinterpret pc=0x000001cb9310d9dc method=java.lang.String.isLatin1()Z @ 10 c2
Event: 2.137 Thread 0x000001cbe938fbb0 DEOPT PACKING pc=0x000001cb9310d9dc sp=0x000000924b9fda90
Event: 2.137 Thread 0x000001cbe938fbb0 DEOPT UNPACKING pc=0x000001cb92bb4422 sp=0x000000924b9fd9c8 mode 2
Event: 2.175 Thread 0x000001cbe938fbb0 Uncommon trap: trap_request=0xffffff45 fr.pc=0x000001cb93178718 relative=0x00000000000001f8
Event: 2.175 Thread 0x000001cbe938fbb0 Uncommon trap: reason=unstable_if action=reinterpret pc=0x000001cb93178718 method=java.io.ByteArrayInputStream.read()I @ 8 c2
Event: 2.175 Thread 0x000001cbe938fbb0 DEOPT PACKING pc=0x000001cb93178718 sp=0x000000924b9fc710
Event: 2.175 Thread 0x000001cbe938fbb0 DEOPT UNPACKING pc=0x000001cb92bb4422 sp=0x000000924b9fc6b8 mode 2
Event: 2.179 Thread 0x000001cbe938fbb0 Uncommon trap: trap_request=0xffffff45 fr.pc=0x000001cb931b1e68 relative=0x00000000000001c8
Event: 2.179 Thread 0x000001cbe938fbb0 Uncommon trap: reason=unstable_if action=reinterpret pc=0x000001cb931b1e68 method=java.lang.String.indexOf(II)I @ 4 c2
Event: 2.179 Thread 0x000001cbe938fbb0 DEOPT PACKING pc=0x000001cb931b1e68 sp=0x000000924b9fda10
Event: 2.179 Thread 0x000001cbe938fbb0 DEOPT UNPACKING pc=0x000001cb92bb4422 sp=0x000000924b9fd940 mode 2
Event: 2.181 Thread 0x000001cbe938fbb0 Uncommon trap: trap_request=0xffffff45 fr.pc=0x000001cb93117e18 relative=0x00000000000001f8
Event: 2.181 Thread 0x000001cbe938fbb0 Uncommon trap: reason=unstable_if action=reinterpret pc=0x000001cb93117e18 method=java.lang.String.isLatin1()Z @ 10 c2
Event: 2.181 Thread 0x000001cbe938fbb0 DEOPT PACKING pc=0x000001cb93117e18 sp=0x000000924b9fd9a0
Event: 2.181 Thread 0x000001cbe938fbb0 DEOPT UNPACKING pc=0x000001cb92bb4422 sp=0x000000924b9fd8e0 mode 2

Classes loaded (20 events):
Event: 2.175 Loading class jdk/internal/icu/impl/Trie2$1
Event: 2.175 Loading class jdk/internal/icu/impl/Trie2$ValueMapper
Event: 2.175 Loading class jdk/internal/icu/impl/Trie2$ValueMapper done
Event: 2.175 Loading class jdk/internal/icu/impl/Trie2$1 done
Event: 2.175 Loading class jdk/internal/icu/impl/Trie2$UTrie2Header
Event: 2.175 Loading class jdk/internal/icu/impl/Trie2$UTrie2Header done
Event: 2.176 Loading class jdk/internal/icu/text/UTF16
Event: 2.176 Loading class jdk/internal/icu/text/UTF16 done
Event: 2.177 Loading class jdk/internal/icu/text/BidiLine
Event: 2.177 Loading class jdk/internal/icu/text/BidiLine done
Event: 2.208 Loading class java/util/WeakHashMap$EntrySet
Event: 2.208 Loading class java/util/WeakHashMap$EntrySet done
Event: 2.208 Loading class java/util/WeakHashMap$EntryIterator
Event: 2.208 Loading class java/util/WeakHashMap$EntryIterator done
Event: 2.210 Loading class java/util/ConcurrentModificationException
Event: 2.210 Loading class java/util/ConcurrentModificationException done
Event: 2.237 Loading class java/util/concurrent/ConcurrentLinkedQueue
Event: 2.237 Loading class java/util/concurrent/ConcurrentLinkedQueue done
Event: 2.237 Loading class java/util/concurrent/ConcurrentLinkedQueue$Node
Event: 2.237 Loading class java/util/concurrent/ConcurrentLinkedQueue$Node done

Classes unloaded (0 events):
No events

Classes redefined (0 events):
No events

Internal exceptions (20 events):
Event: 0.833 Thread 0x000001cbe938fbb0 Exception <a 'java/lang/NoSuchMethodError'{0x000000071241b6a8}: 'int java.lang.invoke.DirectMethodHandle$Holder.invokeSpecial(java.lang.Object, java.lang.Object, java.lang.Object)'> (0x000000071241b6a8) 
thrown [s\src\hotspot\share\interpreter\linkResolver.cpp, line 773]
Event: 0.856 Thread 0x000001cbe938fbb0 Exception <a 'java/lang/NoSuchMethodError'{0x00000007125d5120}: 'void java.lang.invoke.Invokers$Holder.invokeExact_MT(java.lang.Object, java.lang.Object, java.lang.Object, java.lang.Object)'> (0x00000007125d5120) 
thrown [s\src\hotspot\share\interpreter\linkResolver.cpp, line 773]
Event: 0.863 Thread 0x000001cbe938fbb0 Exception <a 'java/lang/NoSuchMethodError'{0x0000000712212550}: 'java.lang.Object java.lang.invoke.DelegatingMethodHandle$Holder.reinvoke_L(java.lang.Object, double, double, double, double)'> (0x0000000712212550) 
thrown [s\src\hotspot\share\interpreter\linkResolver.cpp, line 773]
Event: 0.866 Thread 0x000001cbe938fbb0 Exception <a 'java/lang/NoSuchMethodError'{0x000000071221d3f0}: 'java.lang.Object java.lang.invoke.DirectMethodHandle$Holder.invokeStatic(java.lang.Object, java.lang.Object, int)'> (0x000000071221d3f0) 
thrown [s\src\hotspot\share\interpreter\linkResolver.cpp, line 773]
Event: 0.866 Thread 0x000001cbe938fbb0 Exception <a 'java/lang/NoSuchMethodError'{0x0000000712221978}: 'void java.lang.invoke.DirectMethodHandle$Holder.invokeStatic(java.lang.Object, java.lang.Object, int, java.lang.Object)'> (0x0000000712221978) 
thrown [s\src\hotspot\share\interpreter\linkResolver.cpp, line 773]
Event: 0.866 Thread 0x000001cbe938fbb0 Exception <a 'java/lang/NoSuchMethodError'{0x00000007122284c8}: 'void java.lang.invoke.DelegatingMethodHandle$Holder.delegate(java.lang.Object, java.lang.Object, int, java.lang.Object)'> (0x00000007122284c8) 
thrown [s\src\hotspot\share\interpreter\linkResolver.cpp, line 773]
Event: 0.942 Thread 0x000001cbe938fbb0 Exception <a 'java/io/FileNotFoundException'{0x00000007120c18b0}> (0x00000007120c18b0) 
thrown [s\src\hotspot\share\prims\jni.cpp, line 520]
Event: 0.969 Thread 0x000001cbe938fbb0 Implicit null exception at 0x000001cb931a79e6 to 0x000001cb931a7a8a
Event: 1.055 Thread 0x000001cbe938fbb0 Exception <a 'java/lang/IncompatibleClassChangeError'{0x0000000711933d28}: Found class java.lang.Object, but interface was expected> (0x0000000711933d28) 
thrown [s\src\hotspot\share\interpreter\linkResolver.cpp, line 840]
Event: 1.079 Thread 0x000001cbe938fbb0 Exception <a 'java/lang/ClassNotFoundException'{0x0000000711767368}: com/sun/javafx/scene/control/skin/resources/controls> (0x0000000711767368) 
thrown [s\src\hotspot\share\prims\jni.cpp, line 539]
Event: 1.080 Thread 0x000001cbe938fbb0 Exception <a 'java/lang/ClassNotFoundException'{0x0000000711775568}: com/sun/javafx/scene/control/skin/resources/controls_en> (0x0000000711775568) 
thrown [s\src\hotspot\share\prims\jni.cpp, line 539]
Event: 1.080 Thread 0x000001cbe938fbb0 Exception <a 'java/lang/ClassNotFoundException'{0x0000000711776510}: com/sun/javafx/scene/control/skin/resources/controls_en_US> (0x0000000711776510) 
thrown [s\src\hotspot\share\prims\jni.cpp, line 539]
Event: 1.112 Thread 0x000001cbe938fbb0 Exception <a 'java/lang/NoSuchMethodError'{0x0000000713fd06a8}: 'void java.lang.invoke.DirectMethodHandle$Holder.invokeSpecial(java.lang.Object, java.lang.Object, java.lang.Object, java.lang.Object, java.lang.Object, java.lang.Object)'> (0x0000000713fd06a8) 
thrown [s\src\hotspot\share\interpreter\linkResolver.cpp, line 773]
Event: 2.177 Thread 0x000001cbe938fbb0 Exception <a 'java/lang/NoSuchMethodError'{0x000000071389cb18}: 'int java.lang.invoke.DirectMethodHandle$Holder.invokeSpecial(java.lang.Object, java.lang.Object, int)'> (0x000000071389cb18) 
thrown [s\src\hotspot\share\interpreter\linkResolver.cpp, line 773]
Event: 2.185 Thread 0x000001cbe938fbb0 Exception <a 'java/lang/NoSuchMethodError'{0x00000007138e1c10}: 'java.lang.Object java.lang.invoke.DirectMethodHandle$Holder.newInvokeSpecial(java.lang.Object, java.lang.Object, int)'> (0x00000007138e1c10) 
thrown [s\src\hotspot\share\interpreter\linkResolver.cpp, line 773]
Event: 2.223 Thread 0x000001cbe8495340 Exception <a 'java/lang/NoSuchMethodError'{0x00000007136207b0}: 'int java.lang.invoke.DirectMethodHandle$Holder.invokeStaticInit(java.lang.Object, java.lang.Object)'> (0x00000007136207b0) 
thrown [s\src\hotspot\share\interpreter\linkResolver.cpp, line 773]
Event: 2.237 Thread 0x000001cbe938fbb0 Exception <a 'java/lang/NoSuchMethodError'{0x00000007136cd398}: 'long java.lang.invoke.DirectMethodHandle$Holder.invokeStatic(java.lang.Object, java.lang.Object, java.lang.Object)'> (0x00000007136cd398) 
thrown [s\src\hotspot\share\interpreter\linkResolver.cpp, line 773]
Event: 2.237 Thread 0x000001cbe938fbb0 Exception <a 'java/lang/NoSuchMethodError'{0x00000007136d07a8}: 'long java.lang.invoke.DirectMethodHandle$Holder.invokeStaticInit(java.lang.Object, java.lang.Object, java.lang.Object)'> (0x00000007136d07a8) 
thrown [s\src\hotspot\share\interpreter\linkResolver.cpp, line 773]
Event: 2.238 Thread 0x000001cbe938fbb0 Exception <a 'java/lang/NoSuchMethodError'{0x00000007136e52c0}: 'java.lang.Object java.lang.invoke.DirectMethodHandle$Holder.newInvokeSpecial(java.lang.Object, java.lang.Object, long)'> (0x00000007136e52c0) 
thrown [s\src\hotspot\share\interpreter\linkResolver.cpp, line 773]
Event: 2.239 Thread 0x000001cbe938fbb0 Exception <a 'java/lang/NoSuchMethodError'{0x00000007136e8bd8}: 'java.lang.Object java.lang.invoke.Invokers$Holder.linkToTargetMethod(java.lang.Object, long, java.lang.Object)'> (0x00000007136e8bd8) 
thrown [s\src\hotspot\share\interpreter\linkResolver.cpp, line 773]

ZGC Phase Switch (0 events):
No events

VM Operations (20 events):
Event: 0.745 Executing VM operation: HandshakeAllThreads (Deoptimize)
Event: 0.745 Executing VM operation: HandshakeAllThreads (Deoptimize) done
Event: 0.861 Executing VM operation: HandshakeAllThreads (Deoptimize)
Event: 0.861 Executing VM operation: HandshakeAllThreads (Deoptimize) done
Event: 0.865 Executing VM operation: HandshakeAllThreads (Deoptimize)
Event: 0.865 Executing VM operation: HandshakeAllThreads (Deoptimize) done
Event: 0.884 Executing VM operation: ICBufferFull
Event: 0.884 Executing VM operation: ICBufferFull done
Event: 0.973 Executing VM operation: HandshakeAllThreads (Deoptimize)
Event: 0.973 Executing VM operation: HandshakeAllThreads (Deoptimize) done
Event: 1.088 Executing VM operation: G1CollectForAllocation (G1 Evacuation Pause)
Event: 1.094 Executing VM operation: G1CollectForAllocation (G1 Evacuation Pause) done
Event: 2.094 Executing VM operation: Cleanup
Event: 2.094 Executing VM operation: Cleanup done
Event: 2.149 Executing VM operation: HandshakeAllThreads (Deoptimize)
Event: 2.149 Executing VM operation: HandshakeAllThreads (Deoptimize) done
Event: 3.149 Executing VM operation: Cleanup
Event: 3.149 Executing VM operation: Cleanup done
Event: 6.152 Executing VM operation: Cleanup
Event: 6.152 Executing VM operation: Cleanup done

Memory protections (0 events):
No events

Nmethod flushes (0 events):
No events

Events (20 events):
Event: 0.032 Thread 0x000001cb82f1d390 Thread added: 0x000001cba2698f80
Event: 0.032 Thread 0x000001cb82f1d390 Thread added: 0x000001cba26999d0
Event: 0.032 Thread 0x000001cb82f1d390 Thread added: 0x000001cba26a2f80
Event: 0.032 Thread 0x000001cb82f1d390 Thread added: 0x000001cba26a4720
Event: 0.032 Thread 0x000001cb82f1d390 Thread added: 0x000001cba26a9400
Event: 0.051 Thread 0x000001cb82f1d390 Thread added: 0x000001cba27ef330
Event: 0.073 Thread 0x000001cba26a4720 Thread added: 0x000001cba288dc10
Event: 0.075 Thread 0x000001cba26a9400 Thread added: 0x000001cba299e8c0
Event: 0.143 Thread 0x000001cb82f1d390 Thread added: 0x000001cbe8122000
Event: 0.143 Thread 0x000001cb82f1d390 Thread added: 0x000001cbe8042910
Event: 0.361 Thread 0x000001cba299e8c0 Thread exited: 0x000001cba299e8c0
Event: 0.405 Thread 0x000001cb82f1d390 Thread added: 0x000001cbe8495340
Event: 0.505 Thread 0x000001cb82f1d390 Thread added: 0x000001cbe939d480
Event: 0.507 Thread 0x000001cb82f1d390 Thread added: 0x000001cbe938fbb0
Event: 0.584 Thread 0x000001cb82f1d390 Thread added: 0x000001cbe95fb9e0
Event: 0.587 Thread 0x000001cbe95fcce0 Thread added: 0x000001cbe95fcce0
Event: 0.695 Thread 0x000001cba26a9400 Thread added: 0x000001cbf0dde080
Event: 1.051 Thread 0x000001cbe938fbb0 Thread added: 0x000001cbf0dcfc70
Event: 2.136 Thread 0x000001cbf0dde080 Thread exited: 0x000001cbf0dde080
Event: 3.436 Thread 0x000001cba288dc10 Thread exited: 0x000001cba288dc10


Dynamic libraries:
0x00007ff749f00000 - 0x00007ff749f0e000 	C:\Users\ADMIN\.jdks\ms-21.0.9\bin\java.exe
0x00007ffa74ca0000 - 0x00007ffa74f09000 	C:\WINDOWS\SYSTEM32\ntdll.dll
0x00007ffa736a0000 - 0x00007ffa73769000 	C:\WINDOWS\System32\KERNEL32.DLL
0x00007ffa72640000 - 0x00007ffa72a33000 	C:\WINDOWS\System32\KERNELBASE.dll
0x00007ffa721e0000 - 0x00007ffa7232b000 	C:\WINDOWS\System32\ucrtbase.dll
0x00007ffa61fb0000 - 0x00007ffa61fc8000 	C:\Users\ADMIN\.jdks\ms-21.0.9\bin\jli.dll
0x00007ffa61fd0000 - 0x00007ffa61fee000 	C:\Users\ADMIN\.jdks\ms-21.0.9\bin\VCRUNTIME140.dll
0x00007ffa730c0000 - 0x00007ffa73284000 	C:\WINDOWS\System32\USER32.dll
0x00007ffa558a0000 - 0x00007ffa55b33000 	C:\WINDOWS\WinSxS\amd64_microsoft.windows.common-controls_6595b64144ccf1df_6.0.26100.5074_none_3e0d6f78e32fd63f\COMCTL32.dll
0x00007ffa72a40000 - 0x00007ffa72a67000 	C:\WINDOWS\System32\win32u.dll
0x00007ffa74b90000 - 0x00007ffa74c39000 	C:\WINDOWS\System32\msvcrt.dll
0x00007ffa73300000 - 0x00007ffa7332b000 	C:\WINDOWS\System32\GDI32.dll
0x00007ffa723c0000 - 0x00007ffa724ed000 	C:\WINDOWS\System32\gdi32full.dll
0x00007ffa724f0000 - 0x00007ffa72593000 	C:\WINDOWS\System32\msvcp_win.dll
0x00007ffa741a0000 - 0x00007ffa741cf000 	C:\WINDOWS\System32\IMM32.DLL
0x00007ffa62450000 - 0x00007ffa6245c000 	C:\Users\ADMIN\.jdks\ms-21.0.9\bin\vcruntime140_1.dll
0x00007ffa61f20000 - 0x00007ffa61fa9000 	C:\Users\ADMIN\.jdks\ms-21.0.9\bin\msvcp140.dll
0x00007ff9f3b70000 - 0x00007ff9f491d000 	C:\Users\ADMIN\.jdks\ms-21.0.9\bin\server\jvm.dll
0x00007ffa74930000 - 0x00007ffa749e4000 	C:\WINDOWS\System32\ADVAPI32.dll
0x00007ffa74a20000 - 0x00007ffa74ac6000 	C:\WINDOWS\System32\sechost.dll
0x00007ffa737f0000 - 0x00007ffa73908000 	C:\WINDOWS\System32\RPCRT4.dll
0x00007ffa73770000 - 0x00007ffa737e4000 	C:\WINDOWS\System32\WS2_32.dll
0x00007ffa71c90000 - 0x00007ffa71cee000 	C:\WINDOWS\SYSTEM32\POWRPROF.dll
0x00007ffa572e0000 - 0x00007ffa572eb000 	C:\WINDOWS\SYSTEM32\VERSION.dll
0x00007ffa68740000 - 0x00007ffa68775000 	C:\WINDOWS\SYSTEM32\WINMM.dll
0x00007ffa71c70000 - 0x00007ffa71c84000 	C:\WINDOWS\SYSTEM32\UMPDC.dll
0x00007ffa70be0000 - 0x00007ffa70bfb000 	C:\WINDOWS\SYSTEM32\kernel.appcore.dll
0x00007ffa61ef0000 - 0x00007ffa61efa000 	C:\Users\ADMIN\.jdks\ms-21.0.9\bin\jimage.dll
0x00007ffa6eca0000 - 0x00007ffa6eee2000 	C:\WINDOWS\SYSTEM32\DBGHELP.DLL
0x00007ffa72c30000 - 0x00007ffa72fab000 	C:\WINDOWS\System32\combase.dll
0x00007ffa73f10000 - 0x00007ffa73fe7000 	C:\WINDOWS\System32\OLEAUT32.dll
0x00007ffa4e280000 - 0x00007ffa4e2bd000 	C:\WINDOWS\SYSTEM32\dbgcore.DLL
0x00007ffa725a0000 - 0x00007ffa72639000 	C:\WINDOWS\System32\bcryptPrimitives.dll
0x00007ffa61eb0000 - 0x00007ffa61ec0000 	C:\Users\ADMIN\.jdks\ms-21.0.9\bin\instrument.dll
0x00007ffa61ec0000 - 0x00007ffa61ee1000 	C:\Users\ADMIN\.jdks\ms-21.0.9\bin\java.dll
0x00007ffa741e0000 - 0x00007ffa7492d000 	C:\WINDOWS\System32\SHELL32.dll
0x00007ffa72070000 - 0x00007ffa721dc000 	C:\WINDOWS\System32\wintypes.dll
0x00007ffa6fa50000 - 0x00007ffa702a9000 	C:\WINDOWS\SYSTEM32\windows.storage.dll
0x00007ffa735a0000 - 0x00007ffa73690000 	C:\WINDOWS\System32\SHCORE.dll
0x00007ffa73290000 - 0x00007ffa732f2000 	C:\WINDOWS\System32\shlwapi.dll
0x00007ffa71d50000 - 0x00007ffa71d79000 	C:\WINDOWS\SYSTEM32\profapi.dll
0x00007ffa4b390000 - 0x00007ffa4b466000 	C:\Users\ADMIN\.jdks\ms-21.0.9\bin\jsvml.dll
0x00007ffa61e90000 - 0x00007ffa61ea1000 	C:\Users\ADMIN\.jdks\ms-21.0.9\bin\net.dll
0x00007ffa67de0000 - 0x00007ffa67eff000 	C:\WINDOWS\SYSTEM32\WINHTTP.dll
0x00007ffa71140000 - 0x00007ffa711ab000 	C:\WINDOWS\system32\mswsock.dll
0x00007ffa61d60000 - 0x00007ffa61d76000 	C:\Users\ADMIN\.jdks\ms-21.0.9\bin\nio.dll
0x00007ffa61b70000 - 0x00007ffa61b88000 	C:\Users\ADMIN\.jdks\ms-21.0.9\bin\zip.dll
0x000001cb82e20000 - 0x000001cb82e23000 	C:\Users\ADMIN\.openjfx\cache\21.0.6+3\amd64\api-ms-win-core-console-l1-1-0.dll
0x000001cb82e30000 - 0x000001cb82e33000 	C:\Users\ADMIN\.openjfx\cache\21.0.6+3\amd64\api-ms-win-core-console-l1-2-0.dll
0x000001cb82e40000 - 0x000001cb82e43000 	C:\Users\ADMIN\.openjfx\cache\21.0.6+3\amd64\api-ms-win-core-datetime-l1-1-0.dll
0x000001cb82e50000 - 0x000001cb82e53000 	C:\Users\ADMIN\.openjfx\cache\21.0.6+3\amd64\api-ms-win-core-debug-l1-1-0.dll
0x000001cb82e60000 - 0x000001cb82e63000 	C:\Users\ADMIN\.openjfx\cache\21.0.6+3\amd64\api-ms-win-core-errorhandling-l1-1-0.dll
0x000001cb82e70000 - 0x000001cb82e74000 	C:\Users\ADMIN\.openjfx\cache\21.0.6+3\amd64\api-ms-win-core-file-l1-1-0.dll
0x000001cb82e80000 - 0x000001cb82e83000 	C:\Users\ADMIN\.openjfx\cache\21.0.6+3\amd64\api-ms-win-core-file-l1-2-0.dll
0x000001cb82e90000 - 0x000001cb82e93000 	C:\Users\ADMIN\.openjfx\cache\21.0.6+3\amd64\api-ms-win-core-file-l2-1-0.dll
0x000001cb82ea0000 - 0x000001cb82ea3000 	C:\Users\ADMIN\.openjfx\cache\21.0.6+3\amd64\api-ms-win-core-handle-l1-1-0.dll
0x000001cb82eb0000 - 0x000001cb82eb3000 	C:\Users\ADMIN\.openjfx\cache\21.0.6+3\amd64\api-ms-win-core-heap-l1-1-0.dll
0x000001cb82ec0000 - 0x000001cb82ec3000 	C:\Users\ADMIN\.openjfx\cache\21.0.6+3\amd64\api-ms-win-core-interlocked-l1-1-0.dll
0x000001cb82ed0000 - 0x000001cb82ed3000 	C:\Users\ADMIN\.openjfx\cache\21.0.6+3\amd64\api-ms-win-core-libraryloader-l1-1-0.dll
0x000001cba2ad0000 - 0x000001cba2ad3000 	C:\Users\ADMIN\.openjfx\cache\21.0.6+3\amd64\api-ms-win-core-localization-l1-2-0.dll
0x000001cba2ae0000 - 0x000001cba2ae3000 	C:\Users\ADMIN\.openjfx\cache\21.0.6+3\amd64\api-ms-win-core-memory-l1-1-0.dll
0x000001cba2af0000 - 0x000001cba2af3000 	C:\Users\ADMIN\.openjfx\cache\21.0.6+3\amd64\api-ms-win-core-namedpipe-l1-1-0.dll
0x000001cba2b00000 - 0x000001cba2b03000 	C:\Users\ADMIN\.openjfx\cache\21.0.6+3\amd64\api-ms-win-core-processenvironment-l1-1-0.dll
0x000001cba2b10000 - 0x000001cba2b13000 	C:\Users\ADMIN\.openjfx\cache\21.0.6+3\amd64\api-ms-win-core-processthreads-l1-1-0.dll
0x000001cba2b20000 - 0x000001cba2b23000 	C:\Users\ADMIN\.openjfx\cache\21.0.6+3\amd64\api-ms-win-core-processthreads-l1-1-1.dll
0x000001cba2b30000 - 0x000001cba2b33000 	C:\Users\ADMIN\.openjfx\cache\21.0.6+3\amd64\api-ms-win-core-profile-l1-1-0.dll
0x000001cba2b40000 - 0x000001cba2b43000 	C:\Users\ADMIN\.openjfx\cache\21.0.6+3\amd64\api-ms-win-core-rtlsupport-l1-1-0.dll
0x000001cba2b50000 - 0x000001cba2b53000 	C:\Users\ADMIN\.openjfx\cache\21.0.6+3\amd64\api-ms-win-core-string-l1-1-0.dll
0x000001cba2b60000 - 0x000001cba2b63000 	C:\Users\ADMIN\.openjfx\cache\21.0.6+3\amd64\api-ms-win-core-synch-l1-1-0.dll
0x000001cba2b70000 - 0x000001cba2b73000 	C:\Users\ADMIN\.openjfx\cache\21.0.6+3\amd64\api-ms-win-core-synch-l1-2-0.dll
0x000001cba2b80000 - 0x000001cba2b83000 	C:\Users\ADMIN\.openjfx\cache\21.0.6+3\amd64\api-ms-win-core-sysinfo-l1-1-0.dll
0x000001cba2b90000 - 0x000001cba2b93000 	C:\Users\ADMIN\.openjfx\cache\21.0.6+3\amd64\api-ms-win-core-timezone-l1-1-0.dll
0x000001cba2ba0000 - 0x000001cba2ba3000 	C:\Users\ADMIN\.openjfx\cache\21.0.6+3\amd64\api-ms-win-core-util-l1-1-0.dll
0x000001cba2bb0000 - 0x000001cba2bb3000 	C:\Users\ADMIN\.openjfx\cache\21.0.6+3\amd64\api-ms-win-crt-conio-l1-1-0.dll
0x000001cba2bc0000 - 0x000001cba2bc4000 	C:\Users\ADMIN\.openjfx\cache\21.0.6+3\amd64\api-ms-win-crt-convert-l1-1-0.dll
0x000001cba2bd0000 - 0x000001cba2bd3000 	C:\Users\ADMIN\.openjfx\cache\21.0.6+3\amd64\api-ms-win-crt-environment-l1-1-0.dll
0x000001cba2be0000 - 0x000001cba2be3000 	C:\Users\ADMIN\.openjfx\cache\21.0.6+3\amd64\api-ms-win-crt-filesystem-l1-1-0.dll
0x000001cba2bf0000 - 0x000001cba2bf3000 	C:\Users\ADMIN\.openjfx\cache\21.0.6+3\amd64\api-ms-win-crt-heap-l1-1-0.dll
0x000001cba2c00000 - 0x000001cba2c03000 	C:\Users\ADMIN\.openjfx\cache\21.0.6+3\amd64\api-ms-win-crt-locale-l1-1-0.dll
0x000001cba2c10000 - 0x000001cba2c15000 	C:\Users\ADMIN\.openjfx\cache\21.0.6+3\amd64\api-ms-win-crt-math-l1-1-0.dll
0x000001cba2c20000 - 0x000001cba2c25000 	C:\Users\ADMIN\.openjfx\cache\21.0.6+3\amd64\api-ms-win-crt-multibyte-l1-1-0.dll
0x000001cba2c30000 - 0x000001cba2c40000 	C:\Users\ADMIN\.openjfx\cache\21.0.6+3\amd64\api-ms-win-crt-private-l1-1-0.dll
0x000001cba2c40000 - 0x000001cba2c43000 	C:\Users\ADMIN\.openjfx\cache\21.0.6+3\amd64\api-ms-win-crt-process-l1-1-0.dll
0x000001cba2c50000 - 0x000001cba2c54000 	C:\Users\ADMIN\.openjfx\cache\21.0.6+3\amd64\api-ms-win-crt-runtime-l1-1-0.dll
0x000001cba2c60000 - 0x000001cba2c64000 	C:\Users\ADMIN\.openjfx\cache\21.0.6+3\amd64\api-ms-win-crt-stdio-l1-1-0.dll
0x000001cba2c70000 - 0x000001cba2c74000 	C:\Users\ADMIN\.openjfx\cache\21.0.6+3\amd64\api-ms-win-crt-string-l1-1-0.dll
0x000001cba2c80000 - 0x000001cba2c83000 	C:\Users\ADMIN\.openjfx\cache\21.0.6+3\amd64\api-ms-win-crt-time-l1-1-0.dll
0x000001cba2c90000 - 0x000001cba2c93000 	C:\Users\ADMIN\.openjfx\cache\21.0.6+3\amd64\api-ms-win-crt-utility-l1-1-0.dll
0x00007ffa24890000 - 0x00007ffa2498c000 	C:\Users\ADMIN\.openjfx\cache\21.0.6+3\amd64\ucrtbase.dll
0x00007ffa61b40000 - 0x00007ffa61b5b000 	C:\Users\ADMIN\.openjfx\cache\21.0.6+3\amd64\vcruntime140.dll
0x00007ffa61b10000 - 0x00007ffa61b1c000 	C:\Users\ADMIN\.openjfx\cache\21.0.6+3\amd64\vcruntime140_1.dll
0x00007ffa3bc30000 - 0x00007ffa3bcbe000 	C:\Users\ADMIN\.openjfx\cache\21.0.6+3\amd64\msvcp140.dll
0x00007ffa617d0000 - 0x00007ffa617d9000 	C:\Users\ADMIN\.openjfx\cache\21.0.6+3\amd64\msvcp140_1.dll
0x00007ffa61780000 - 0x00007ffa617c1000 	C:\Users\ADMIN\.openjfx\cache\21.0.6+3\amd64\msvcp140_2.dll
0x00007ffa4b360000 - 0x00007ffa4b390000 	C:\Users\ADMIN\.openjfx\cache\21.0.6+3\amd64\prism_d3d.dll
0x00007ffa27c40000 - 0x00007ffa27df1000 	C:\WINDOWS\system32\d3d9.dll
0x00007ffa6f340000 - 0x00007ffa6f36b000 	C:\WINDOWS\SYSTEM32\dwmapi.dll
0x00007ffa6f370000 - 0x00007ffa6f3b4000 	C:\WINDOWS\SYSTEM32\dxcore.dll
0x00007ffa6eef0000 - 0x00007ffa6ef98000 	C:\WINDOWS\system32\uxtheme.dll
0x00007ffa27b70000 - 0x00007ffa27c32000 	C:\WINDOWS\SYSTEM32\d3d9on12.dll
0x00007ffa6f1e0000 - 0x00007ffa6f31a000 	C:\WINDOWS\SYSTEM32\dxgi.dll
0x00007ffa36500000 - 0x00007ffa36523000 	C:\WINDOWS\SYSTEM32\d3d12.dll
0x00007ffa719c0000 - 0x00007ffa71a17000 	C:\WINDOWS\SYSTEM32\cfgmgr32.dll
0x00007ffa278a0000 - 0x00007ffa27b10000 	C:\WINDOWS\SYSTEM32\D3D12Core.dll
0x00007ffa2bb00000 - 0x00007ffa2bb26000 	C:\WINDOWS\System32\DriverStore\FileRepository\iigd_dch.inf_amd64_e4d26f3065893cad\igd12umd64.dll
0x00007ffa25770000 - 0x00007ffa27894000 	C:\WINDOWS\System32\DriverStore\FileRepository\iigd_dch.inf_amd64_e4d26f3065893cad\igd12um64xel.dll
0x00007ffa71e30000 - 0x00007ffa71fa7000 	C:\WINDOWS\System32\CRYPT32.dll
0x00007ffa74000000 - 0x00007ffa74198000 	C:\WINDOWS\System32\ole32.dll
0x00007ffa71d20000 - 0x00007ffa71d46000 	C:\WINDOWS\SYSTEM32\bcrypt.dll
0x00007ffa5fda0000 - 0x00007ffa5ff15000 	C:\WINDOWS\SYSTEM32\drvstore.dll
0x00007ffa24fd0000 - 0x00007ffa24ff7000 	C:\WINDOWS\System32\DriverStore\FileRepository\iigd_dch.inf_amd64_e4d26f3065893cad\igdext64.dll
0x00007ffa685f0000 - 0x00007ffa6868c000 	C:\WINDOWS\System32\DriverStore\FileRepository\iigd_dch.inf_amd64_e4d26f3065893cad\IntelControlLib.dll
0x00007ffa6bf50000 - 0x00007ffa6bfb0000 	C:\WINDOWS\SYSTEM32\directxdatabasehelper.dll
0x00007ffa67f10000 - 0x00007ffa6834f000 	C:\WINDOWS\System32\DriverStore\FileRepository\iigd_dch.inf_amd64_e4d26f3065893cad\igdgmm64.dll
0x00007ffa686c0000 - 0x00007ffa686e4000 	C:\WINDOWS\System32\DriverStore\FileRepository\iigd_dch.inf_amd64_e4d26f3065893cad\igc64.dll
0x00007ffa63670000 - 0x00007ffa67ddb000 	C:\WINDOWS\System32\DriverStore\FileRepository\iigd_dch.inf_amd64_e4d26f3065893cad\igc1464.dll
0x00007ffa24e70000 - 0x00007ffa24e9e000 	C:\WINDOWS\SYSTEM32\D3DSCache.dll
0x00007ffa711e0000 - 0x00007ffa7120b000 	C:\WINDOWS\SYSTEM32\USERENV.dll
0x00007ffa24b50000 - 0x00007ffa24e70000 	C:\WINDOWS\System32\DriverStore\FileRepository\iigd_dch.inf_amd64_e4d26f3065893cad\igd12dxva64.dll
0x00007ffa73910000 - 0x00007ffa73d97000 	C:\WINDOWS\System32\SETUPAPI.dll
0x00007ffa5d630000 - 0x00007ffa5e9b3000 	C:\WINDOWS\System32\DriverStore\FileRepository\iigd_dch.inf_amd64_e4d26f3065893cad\igddxvacommon64.dll
0x00007ffa5b6b0000 - 0x00007ffa5d3db000 	C:\WINDOWS\System32\DriverStore\FileRepository\iigd_dch.inf_amd64_e4d26f3065893cad\media_bin_64.dll
0x00007ffa5b410000 - 0x00007ffa5b437000 	C:\WINDOWS\System32\DriverStore\FileRepository\iigd_dch.inf_amd64_e4d26f3065893cad\igdinfo64.dll
0x00007ffa713b0000 - 0x00007ffa713cb000 	C:\WINDOWS\SYSTEM32\CRYPTSP.dll
0x00007ffa70b40000 - 0x00007ffa70b7b000 	C:\WINDOWS\system32\rsaenh.dll
0x00007ffa713d0000 - 0x00007ffa713dc000 	C:\WINDOWS\SYSTEM32\CRYPTBASE.dll
0x00007ffa62ef0000 - 0x00007ffa63129000 	C:\WINDOWS\SYSTEM32\twinapi.appcore.dll
0x00007ffa3b360000 - 0x00007ffa3b3a2000 	C:\Users\ADMIN\.openjfx\cache\21.0.6+3\amd64\glass.dll

JVMTI agents:
C:\Program Files\JetBrains\IntelliJ IDEA Community Edition 2025.2.5\lib\idea_rt.jar path:C:\Users\ADMIN\.jdks\ms-21.0.9\bin\instrument.dll, loaded, initialized, instrumentlib options:51045

dbghelp: loaded successfully - version: 4.0.5 - missing functions: none
symbol engine: initialized successfully - sym options: 0x614 - pdb path: .;C:\Users\ADMIN\.jdks\ms-21.0.9\bin;C:\WINDOWS\SYSTEM32;C:\WINDOWS\WinSxS\amd64_microsoft.windows.common-controls_6595b64144ccf1df_6.0.26100.5074_none_3e0d6f78e32fd63f;C:\Users\ADMIN\.jdks\ms-21.0.9\bin\server;C:\Users\ADMIN\.openjfx\cache\21.0.6+3\amd64;C:\WINDOWS\System32\DriverStore\FileRepository\iigd_dch.inf_amd64_e4d26f3065893cad;C:\Program Files\Common Files\Microsoft Shared\Ink

VM Arguments:
jvm_args: -javaagent:C:\Program Files\JetBrains\IntelliJ IDEA Community Edition 2025.2.5\lib\idea_rt.jar=51045 -Dfile.encoding=UTF-8 -Dsun.stdout.encoding=UTF-8 -Dsun.stderr.encoding=UTF-8 --module-path=C:\Users\ADMIN\.m2\repository\org\openjfx\javafx-controls\21.0.6\javafx-controls-21.0.6-win.jar;D:\VSCODE\.vscode\PBL3\target\classes;C:\Users\ADMIN\.m2\repository\org\openjfx\javafx-base\21.0.6\javafx-base-21.0.6-win.jar;C:\Users\ADMIN\.m2\repository\org\openjfx\javafx-graphics\21.0.6\javafx-graphics-21.0.6-win.jar;C:\Users\ADMIN\.m2\repository\org\openjfx\javafx-fxml\21.0.6\javafx-fxml-21.0.6-win.jar -Djdk.module.main=PBL3 
java_command: PBL3/com.example.rentalcar.RentalApp
java_class_path (initial): C:\Users\ADMIN\.m2\repository\org\openjfx\javafx-controls\21.0.6\javafx-controls-21.0.6.jar;C:\Users\ADMIN\.m2\repository\org\openjfx\javafx-graphics\21.0.6\javafx-graphics-21.0.6.jar;C:\Users\ADMIN\.m2\repository\org\openjfx\javafx-base\21.0.6\javafx-base-21.0.6.jar;C:\Users\ADMIN\.m2\repository\com\mysql\mysql-connector-j\8.3.0\mysql-connector-j-8.3.0.jar;C:\Users\ADMIN\.m2\repository\com\google\protobuf\protobuf-java\3.25.1\protobuf-java-3.25.1.jar;C:\Users\ADMIN\.m2\repository\org\openjfx\javafx-fxml\21.0.6\javafx-fxml-21.0.6.jar
Launcher Type: SUN_STANDARD

[Global flags]
     intx CICompilerCount                          = 4                                         {product} {ergonomic}
     uint ConcGCThreads                            = 3                                         {product} {ergonomic}
     uint G1ConcRefinementThreads                  = 10                                        {product} {ergonomic}
   size_t G1HeapRegionSize                         = 2097152                                   {product} {ergonomic}
    uintx GCDrainStackTargetSize                   = 64                                        {product} {ergonomic}
   size_t InitialHeapSize                          = 264241152                                 {product} {ergonomic}
   size_t MarkStackSize                            = 4194304                                   {product} {ergonomic}
   size_t MaxHeapSize                              = 4223664128                                {product} {ergonomic}
   size_t MaxNewSize                               = 2533359616                                {product} {ergonomic}
   size_t MinHeapDeltaBytes                        = 2097152                                   {product} {ergonomic}
   size_t MinHeapSize                              = 8388608                                   {product} {ergonomic}
    uintx NonNMethodCodeHeapSize                   = 5839372                                {pd product} {ergonomic}
    uintx NonProfiledCodeHeapSize                  = 122909434                              {pd product} {ergonomic}
    uintx ProfiledCodeHeapSize                     = 122909434                              {pd product} {ergonomic}
    uintx ReservedCodeCacheSize                    = 251658240                              {pd product} {ergonomic}
     bool SegmentedCodeCache                       = true                                      {product} {ergonomic}
   size_t SoftMaxHeapSize                          = 4223664128                             {manageable} {ergonomic}
     bool UseCompressedOops                        = true                           {product lp64_product} {ergonomic}
     bool UseG1GC                                  = true                                      {product} {ergonomic}
     bool UseLargePagesIndividualAllocation        = false                                  {pd product} {ergonomic}

Logging:
Log output configuration:
 #0: stdout all=warning uptime,level,tags foldmultilines=false
 #1: stderr all=off uptime,level,tags foldmultilines=false

Release file:
IMPLEMENTOR="Microsoft" 
IMPLEMENTOR_VERSION="Microsoft-12574459" 
JAVA_RUNTIME_VERSION="21.0.9+10-LTS" 
JAVA_VERSION="21.0.9" 
JAVA_VERSION_DATE="2025-10-21" 
LIBC="default" 
MODULES="java.base java.compiler java.datatransfer java.xml java.prefs java.desktop java.instrument java.logging java.management java.security.sasl java.naming java.rmi java.management.rmi java.net.http java.scripting java.security.jgss java.transaction.xa java.sql java.sql.rowset java.xml.crypto java.se java.smartcardio jdk.accessibility jdk.internal.jvmstat jdk.attach jdk.charsets jdk.internal.opt jdk.zipfs jdk.compiler jdk.crypto.ec jdk.crypto.cryptoki jdk.crypto.mscapi jdk.dynalink jdk.internal.ed jdk.editpad jdk.hotspot.agent jdk.httpserver jdk.incubator.vector jdk.internal.le jdk.internal.vm.ci jdk.internal.vm.compiler jdk.internal.vm.compiler.management jdk.jartool jdk.javadoc jdk.jcmd jdk.management jdk.management.agent jdk.jconsole jdk.jdeps jdk.jdwp.agent jdk.jdi jdk.jfr jdk.jlink jdk.jpackage jdk.jshell jdk.jsobject jdk.jstatd jdk.localedata jdk.management.jfr jdk.naming.dns jdk.naming.rmi jdk.net jdk.nio.mapmode jdk.random jdk.sctp jdk.security.auth jdk.security.jgss jdk.unsupported jdk.unsupported.desktop jdk.xml.dom" 
OS_ARCH="x86_64" 
OS_NAME="Windows" 
SOURCE=".:git:e0bc49609000" 

Environment Variables:
PATH=C:\Program Files\Common Files\Oracle\Java\javapath;C:\WINDOWS\system32;C:\WINDOWS;C:\WINDOWS\System32\Wbem;C:\WINDOWS\System32\WindowsPowerShell\v1.0\;C:\WINDOWS\System32\OpenSSH\;C:\Program Files\nodejs\;C:\Program Files (x86)\Microsoft SQL Server\160\Tools\Binn\;C:\Program Files\Microsoft SQL Server\160\Tools\Binn\;C:\Program Files\Microsoft SQL Server\Client SDK\ODBC\170\Tools\Binn\;C:\Program Files\Microsoft SQL Server\160\DTS\Binn\;C:\Program Files\Git\cmd;C:\Program Files\dotnet\;C:\Users\ADMIN\AppData\Local\Programs\Python\Python314\Scripts\;C:\Users\ADMIN\AppData\Local\Programs\Python\Python314\;C:\Users\ADMIN\AppData\Local\Programs\Python\Launcher\;C:\Program Files\MySQL\MySQL Shell 8.0\bin\;C:\Users\ADMIN\AppData\Local\Microsoft\WindowsApps;C:\mingw64\bin;C:\Users\ADMIN\AppData\Local\Programs\Microsoft VS Code\bin;C:\Users\ADMIN\AppData\Roaming\npm;C:\Users\ADMIN\.dotnet\tools;C:\Program Files\JetBrains\IntelliJ IDEA 2025.3.1\bin;C:\Users\ADMIN\AppData\Local\JetBrains\Toolbox\scripts;;C:\Program Files\JetBrains\IntelliJ IDEA Community Edition 2025.2.5\bin;C:\Users\ADMIN\.dotnet\tools
USERNAME=ADMIN
OS=Windows_NT
PROCESSOR_IDENTIFIER=Intel64 Family 6 Model 154 Stepping 3, GenuineIntel
TMP=C:\Users\ADMIN\AppData\Local\Temp
TEMP=C:\Users\ADMIN\AppData\Local\Temp




Periodic native trim disabled

---------------  S Y S T E M  ---------------

OS:
 Windows 11 , 64 bit Build 26100 (10.0.26100.5074)
OS uptime: 0 days 1:51 hours
Hyper-V role detected

CPU: total 12 (initial active 12) (6 cores per cpu, 2 threads per core) family 6 model 154 stepping 3 microcode 0x433, cx8, cmov, fxsr, ht, mmx, 3dnowpref, sse, sse2, sse3, ssse3, sse4.1, sse4.2, popcnt, lzcnt, tsc, tscinvbit, avx, avx2, aes, erms, clmul, bmi1, bmi2, adx, sha, fma, vzeroupper, clflush, clflushopt, clwb, hv, serialize, rdtscp, rdpid, fsrm, f16c, cet_ibt, cet_ss
Processor Information for processor 0
  Max Mhz: 2000, Current Mhz: 2000, Mhz Limit: 2000
Processor Information for processor 1
  Max Mhz: 2000, Current Mhz: 1040, Mhz Limit: 2000
Processor Information for processor 2
  Max Mhz: 2000, Current Mhz: 2000, Mhz Limit: 2000
Processor Information for processor 3
  Max Mhz: 2000, Current Mhz: 2000, Mhz Limit: 2000
Processor Information for processor 4
  Max Mhz: 2000, Current Mhz: 2000, Mhz Limit: 2000
Processor Information for processor 5
  Max Mhz: 2000, Current Mhz: 2000, Mhz Limit: 2000
Processor Information for processor 6
  Max Mhz: 2000, Current Mhz: 2000, Mhz Limit: 2000
Processor Information for processor 7
  Max Mhz: 2000, Current Mhz: 2000, Mhz Limit: 2000
Processor Information for processor 8
  Max Mhz: 2000, Current Mhz: 1300, Mhz Limit: 1500
Processor Information for processor 9
  Max Mhz: 2000, Current Mhz: 1200, Mhz Limit: 1500
Processor Information for processor 10
  Max Mhz: 2000, Current Mhz: 1300, Mhz Limit: 1500
Processor Information for processor 11
  Max Mhz: 2000, Current Mhz: 1300, Mhz Limit: 1500

Memory: 4k page, system-wide physical 16107M (4258M free)
TotalPageFile size 16107M (AvailPageFile size 3M)
current process WorkingSet (physical memory assigned to process): 234M, peak: 237M
current process commit charge ("private bytes"): 498M, peak: 498M

vm_info: OpenJDK 64-Bit Server VM (21.0.9+10-LTS) for windows-amd64 JRE (21.0.9+10-LTS), built on 2025-10-13T22:04:36Z by "MicrosoftCorporation" with unknown MS VC++:1944

END.
