#
# There is insufficient memory for the Java Runtime Environment to continue.
# Native memory allocation (mmap) failed to map 264241152 bytes. Error detail: G1 virtual space
# Possible reasons:
#   The system is out of physical RAM or swap space
#   This process is running with CompressedOops enabled, and the Java Heap may be blocking the growth of the native heap
# Possible solutions:
#   Reduce memory load on the system
#   Increase physical memory or swap space
#   Check if swap backing store is full
#   Decrease Java heap size (-Xmx/-Xms)
#   Decrease number of Java threads
#   Decrease Java thread stack sizes (-Xss)
#   Set larger code cache with -XX:ReservedCodeCacheSize=
#   JVM is running with Zero Based Compressed Oops mode in which the Java heap is
#     placed in the first 32GB address space. The Java Heap base address is the
#     maximum limit for the native heap growth. Please use -XX:HeapBaseMinAddress
#     to set the Java Heap base and to place the Java Heap above 32GB virtual address.
# This output file may be truncated or incomplete.
#
#  Out of Memory Error (os_windows.cpp:3716), pid=23076, tid=6444
#
# JRE version:  (21.0.9+10) (build )
# Java VM: OpenJDK 64-Bit Server VM (21.0.9+10-LTS, mixed mode, sharing, tiered, compressed oops, compressed class ptrs, g1 gc, windows-amd64)
# No core dump will be written. Minidumps are not enabled by default on client versions of Windows
#

---------------  S U M M A R Y ------------

Command Line: -javaagent:C:\Program Files\JetBrains\IntelliJ IDEA Community Edition 2025.2.5\lib\idea_rt.jar=63848 -Dfile.encoding=UTF-8 -Dsun.stdout.encoding=UTF-8 -Dsun.stderr.encoding=UTF-8 --module-path=C:\Users\ADMIN\.m2\repository\org\openjfx\javafx-controls\21.0.6\javafx-controls-21.0.6-win.jar;D:\VSCODE\.vscode\PBL3\target\classes;C:\Users\ADMIN\.m2\repository\org\openjfx\javafx-graphics\21.0.6\javafx-graphics-21.0.6-win.jar;C:\Users\ADMIN\.m2\repository\org\openjfx\javafx-fxml\21.0.6\javafx-fxml-21.0.6-win.jar;C:\Users\ADMIN\.m2\repository\org\openjfx\javafx-base\21.0.6\javafx-base-21.0.6-win.jar -Djdk.module.main=PBL3 PBL3/com.example.rentalcar.TestConnection

Host: 12th Gen Intel(R) Core(TM) i5-12450H, 12 cores, 15G,  Windows 11 , 64 bit Build 26100 (10.0.26100.5074)
Time: Sun Jan 25 14:09:50 2026 SE Asia Standard Time elapsed time: 1.086185 seconds (0d 0h 0m 1s)

---------------  T H R E A D  ---------------

Current thread (0x00000280f9089cc0):  JavaThread "Unknown thread" [_thread_in_vm, id=6444, stack(0x00000086d3300000,0x00000086d3400000) (1024K)]

Stack: [0x00000086d3300000,0x00000086d3400000]
Native frames: (J=compiled Java code, j=interpreted, Vv=VM code, C=native code)
V  [jvm.dll+0x6df259]  (no source info available)
V  [jvm.dll+0x8bfe4b]  (no source info available)
V  [jvm.dll+0x8c23da]  (no source info available)
V  [jvm.dll+0x8c2ab3]  (no source info available)
V  [jvm.dll+0x28a416]  (no source info available)
V  [jvm.dll+0x6de705]  (no source info available)
V  [jvm.dll+0x6d264a]  (no source info available)
V  [jvm.dll+0x36742e]  (no source info available)
V  [jvm.dll+0x36f2fb]  (no source info available)
V  [jvm.dll+0x3c0c99]  (no source info available)
V  [jvm.dll+0x3c0f3b]  (no source info available)
V  [jvm.dll+0x33ace7]  (no source info available)
V  [jvm.dll+0x33b82b]  (no source info available)
V  [jvm.dll+0x88976e]  (no source info available)
V  [jvm.dll+0x3cdbf1]  (no source info available)
V  [jvm.dll+0x87267c]  (no source info available)
V  [jvm.dll+0x461751]  (no source info available)
V  [jvm.dll+0x463391]  (no source info available)
C  [jli.dll+0x52f0]  (no source info available)
C  [ucrtbase.dll+0x37b0]  (no source info available)
C  [KERNEL32.DLL+0x2e8d7]  (no source info available)
C  [ntdll.dll+0x8d9c]  (no source info available)


---------------  P R O C E S S  ---------------

Threads class SMR info:
_java_thread_list=0x00007ffd23cf7288, length=0, elements={
}

Java Threads: ( => current thread )
Total: 0

Other Threads:
  0x00000280f90f3730 WorkerThread "GC Thread#0"                     [id=16928, stack(0x00000086d3400000,0x00000086d3500000) (1024K)]
  0x00000280f91042d0 ConcurrentGCThread "G1 Main Marker"            [id=19764, stack(0x00000086d3500000,0x00000086d3600000) (1024K)]
  0x00000280f9107400 WorkerThread "G1 Conc#0"                       [id=14808, stack(0x00000086d3600000,0x00000086d3700000) (1024K)]

[error occurred during error reporting (printing all threads), id 0xc0000005, EXCEPTION_ACCESS_VIOLATION (0xc0000005) at pc=0x00007ffd233ed7a7]
VM state: not at safepoint (not fully initialized)

VM Mutex/Monitor currently owned by a thread:  ([mutex/lock_event])
[0x00007ffd23d6b9b0] Heap_lock - owner thread: 0x00000280f9089cc0

Heap address: 0x0000000704400000, size: 4028 MB, Compressed Oops mode: Zero based, Oop shift amount: 3

CDS archive(s) mapped at: [0x0000000000000000-0x0000000000000000-0x0000000000000000), size 0, SharedBaseAddress: 0x0000000800000000, ArchiveRelocationMode: 1.
Narrow klass base: 0x0000000000000000, Narrow klass shift: 0, Narrow klass range: 0x0

GC Precious Log:
 CardTable entry size: 512
 Card Set container configuration: InlinePtr #cards 4 size 8 Array Of Cards #cards 16 size 48 Howl #buckets 8 coarsen threshold 3686 Howl Bitmap #cards 512 size 80 coarsen threshold 460 Card regions per heap region 1 cards per card region 4096

Heap:
 garbage-first heap   total 0K, used 0K [0x0000000704400000, 0x0000000800000000)
  region size 2048K, 0 young (0K), 0 survivors (0K)

[error occurred during error reporting (printing heap information), id 0xc0000005, EXCEPTION_ACCESS_VIOLATION (0xc0000005) at pc=0x00007ffd237dc219]
GC Heap History (0 events):
No events

Dll operation events (1 events):
Event: 0.007 Loaded shared library C:\Users\ADMIN\.jdks\ms-21.0.9\bin\java.dll

Deoptimization events (0 events):
No events

Classes loaded (0 events):
No events

Classes unloaded (0 events):
No events

Classes redefined (0 events):
No events

Internal exceptions (0 events):
No events

ZGC Phase Switch (0 events):
No events

VM Operations (0 events):
No events

Memory protections (0 events):
No events

Nmethod flushes (0 events):
No events

Events (0 events):
No events


Dynamic libraries:
0x00007ff681450000 - 0x00007ff68145e000 	C:\Users\ADMIN\.jdks\ms-21.0.9\bin\java.exe
0x00007ffdbd220000 - 0x00007ffdbd489000 	C:\WINDOWS\SYSTEM32\ntdll.dll
0x00007ffdbb050000 - 0x00007ffdbb119000 	C:\WINDOWS\System32\KERNEL32.DLL
0x00007ffdba450000 - 0x00007ffdba843000 	C:\WINDOWS\System32\KERNELBASE.dll
0x00007ffdbad60000 - 0x00007ffdbaeab000 	C:\WINDOWS\System32\ucrtbase.dll
0x00007ffdb4f30000 - 0x00007ffdb4f4e000 	C:\Users\ADMIN\.jdks\ms-21.0.9\bin\VCRUNTIME140.dll
0x00007ffda7ac0000 - 0x00007ffda7ad8000 	C:\Users\ADMIN\.jdks\ms-21.0.9\bin\jli.dll
0x00007ffdbb630000 - 0x00007ffdbb7f4000 	C:\WINDOWS\System32\USER32.dll
0x00007ffdbaa90000 - 0x00007ffdbaab7000 	C:\WINDOWS\System32\win32u.dll
0x00007ffda09b0000 - 0x00007ffda0c43000 	C:\WINDOWS\WinSxS\amd64_microsoft.windows.common-controls_6595b64144ccf1df_6.0.26100.5074_none_3e0d6f78e32fd63f\COMCTL32.dll
0x00007ffdbba10000 - 0x00007ffdbba3b000 	C:\WINDOWS\System32\GDI32.dll
0x00007ffdbb900000 - 0x00007ffdbb9a9000 	C:\WINDOWS\System32\msvcrt.dll
0x00007ffdbac30000 - 0x00007ffdbad5d000 	C:\WINDOWS\System32\gdi32full.dll
0x00007ffdbaf40000 - 0x00007ffdbafe3000 	C:\WINDOWS\System32\msvcp_win.dll
0x00007ffdbcbf0000 - 0x00007ffdbcc1f000 	C:\WINDOWS\System32\IMM32.DLL
0x00007ffda7ab0000 - 0x00007ffda7abc000 	C:\Users\ADMIN\.jdks\ms-21.0.9\bin\vcruntime140_1.dll
0x00007ffda7a20000 - 0x00007ffda7aa9000 	C:\Users\ADMIN\.jdks\ms-21.0.9\bin\msvcp140.dll
0x00007ffd230a0000 - 0x00007ffd23e4d000 	C:\Users\ADMIN\.jdks\ms-21.0.9\bin\server\jvm.dll
0x00007ffdbba40000 - 0x00007ffdbbaf4000 	C:\WINDOWS\System32\ADVAPI32.dll
0x00007ffdbcf50000 - 0x00007ffdbcff6000 	C:\WINDOWS\System32\sechost.dll
0x00007ffdbcc50000 - 0x00007ffdbcd68000 	C:\WINDOWS\System32\RPCRT4.dll
0x00007ffdbced0000 - 0x00007ffdbcf44000 	C:\WINDOWS\System32\WS2_32.dll
0x00007ffdba210000 - 0x00007ffdba26e000 	C:\WINDOWS\SYSTEM32\POWRPROF.dll
0x00007ffdb21e0000 - 0x00007ffdb2215000 	C:\WINDOWS\SYSTEM32\WINMM.dll
0x00007ffda25c0000 - 0x00007ffda25cb000 	C:\WINDOWS\SYSTEM32\VERSION.dll
0x00007ffdba1f0000 - 0x00007ffdba204000 	C:\WINDOWS\SYSTEM32\UMPDC.dll
0x00007ffdb9160000 - 0x00007ffdb917b000 	C:\WINDOWS\SYSTEM32\kernel.appcore.dll
0x00007ffda7a10000 - 0x00007ffda7a1a000 	C:\Users\ADMIN\.jdks\ms-21.0.9\bin\jimage.dll
0x00007ffdb7220000 - 0x00007ffdb7462000 	C:\WINDOWS\SYSTEM32\DBGHELP.DLL
0x00007ffdbbc80000 - 0x00007ffdbbffb000 	C:\WINDOWS\System32\combase.dll
0x00007ffdbbb10000 - 0x00007ffdbbbe7000 	C:\WINDOWS\System32\OLEAUT32.dll
0x00007ffd97c70000 - 0x00007ffd97cad000 	C:\WINDOWS\SYSTEM32\dbgcore.DLL
0x00007ffdba3b0000 - 0x00007ffdba449000 	C:\WINDOWS\System32\bcryptPrimitives.dll
0x00007ffda79d0000 - 0x00007ffda79e0000 	C:\Users\ADMIN\.jdks\ms-21.0.9\bin\instrument.dll
0x00007ffda79e0000 - 0x00007ffda7a01000 	C:\Users\ADMIN\.jdks\ms-21.0.9\bin\java.dll

JVMTI agents:
C:\Program Files\JetBrains\IntelliJ IDEA Community Edition 2025.2.5\lib\idea_rt.jar path:none, loaded, not initialized, instrumentlib options:63848

dbghelp: loaded successfully - version: 4.0.5 - missing functions: none
symbol engine: initialized successfully - sym options: 0x614 - pdb path: .;C:\Users\ADMIN\.jdks\ms-21.0.9\bin;C:\WINDOWS\SYSTEM32;C:\WINDOWS\WinSxS\amd64_microsoft.windows.common-controls_6595b64144ccf1df_6.0.26100.5074_none_3e0d6f78e32fd63f;C:\Users\ADMIN\.jdks\ms-21.0.9\bin\server

VM Arguments:
jvm_args: -javaagent:C:\Program Files\JetBrains\IntelliJ IDEA Community Edition 2025.2.5\lib\idea_rt.jar=63848 -Dfile.encoding=UTF-8 -Dsun.stdout.encoding=UTF-8 -Dsun.stderr.encoding=UTF-8 --module-path=C:\Users\ADMIN\.m2\repository\org\openjfx\javafx-controls\21.0.6\javafx-controls-21.0.6-win.jar;D:\VSCODE\.vscode\PBL3\target\classes;C:\Users\ADMIN\.m2\repository\org\openjfx\javafx-graphics\21.0.6\javafx-graphics-21.0.6-win.jar;C:\Users\ADMIN\.m2\repository\org\openjfx\javafx-fxml\21.0.6\javafx-fxml-21.0.6-win.jar;C:\Users\ADMIN\.m2\repository\org\openjfx\javafx-base\21.0.6\javafx-base-21.0.6-win.jar -Djdk.module.main=PBL3 
java_command: PBL3/com.example.rentalcar.TestConnection
java_class_path (initial): C:\Users\ADMIN\.m2\repository\org\openjfx\javafx-controls\21.0.6\javafx-controls-21.0.6.jar;C:\Users\ADMIN\.m2\repository\org\openjfx\javafx-graphics\21.0.6\javafx-graphics-21.0.6.jar;C:\Users\ADMIN\.m2\repository\org\openjfx\javafx-base\21.0.6\javafx-base-21.0.6.jar;C:\Users\ADMIN\.m2\repository\com\mysql\mysql-connector-j\8.3.0\mysql-connector-j-8.3.0.jar;C:\Users\ADMIN\.m2\repository\com\google\protobuf\protobuf-java\3.25.1\protobuf-java-3.25.1.jar;C:\Users\ADMIN\.m2\repository\org\openjfx\javafx-fxml\21.0.6\javafx-fxml-21.0.6.jar
Launcher Type: SUN_STANDARD

[Global flags]
     intx CICompilerCount                          = 4                                         {product} {ergonomic}
     uint ConcGCThreads                            = 3                                         {product} {ergonomic}
     uint G1ConcRefinementThreads                  = 10                                        {product} {ergonomic}
   size_t G1HeapRegionSize                         = 2097152                                   {product} {ergonomic}
    uintx GCDrainStackTargetSize                   = 64                                        {product} {ergonomic}
   size_t InitialHeapSize                          = 264241152                                 {product} {ergonomic}
   size_t MarkStackSize                            = 4194304                                   {product} {ergonomic}
   size_t MaxHeapSize                              = 4223664128                                {product} {ergonomic}
   size_t MinHeapDeltaBytes                        = 2097152                                   {product} {ergonomic}
   size_t MinHeapSize                              = 8388608                                   {product} {ergonomic}
    uintx NonNMethodCodeHeapSize                   = 5839372                                {pd product} {ergonomic}
    uintx NonProfiledCodeHeapSize                  = 122909434                              {pd product} {ergonomic}
    uintx ProfiledCodeHeapSize                     = 122909434                              {pd product} {ergonomic}
    uintx ReservedCodeCacheSize                    = 251658240                              {pd product} {ergonomic}
     bool SegmentedCodeCache                       = true                                      {product} {ergonomic}
   size_t SoftMaxHeapSize                          = 4223664128                             {manageable} {ergonomic}
     bool UseCompressedOops                        = true                           {product lp64_product} {ergonomic}
     bool UseG1GC                                  = true                                      {product} {ergonomic}
     bool UseLargePagesIndividualAllocation        = false                                  {pd product} {ergonomic}

Logging:
Log output configuration:
 #0: stdout all=warning uptime,level,tags foldmultilines=false
 #1: stderr all=off uptime,level,tags foldmultilines=false

Release file:
<release file has not been read>
Environment Variables:
PATH=C:\Program Files\Common Files\Oracle\Java\javapath;C:\WINDOWS\system32;C:\WINDOWS;C:\WINDOWS\System32\Wbem;C:\WINDOWS\System32\WindowsPowerShell\v1.0\;C:\WINDOWS\System32\OpenSSH\;C:\Program Files\nodejs\;C:\Program Files (x86)\Microsoft SQL Server\160\Tools\Binn\;C:\Program Files\Microsoft SQL Server\160\Tools\Binn\;C:\Program Files\Microsoft SQL Server\Client SDK\ODBC\170\Tools\Binn\;C:\Program Files\Microsoft SQL Server\160\DTS\Binn\;C:\Program Files\Git\cmd;C:\Program Files\dotnet\;C:\Users\ADMIN\AppData\Local\Programs\Python\Python314\Scripts\;C:\Users\ADMIN\AppData\Local\Programs\Python\Python314\;C:\Users\ADMIN\AppData\Local\Programs\Python\Launcher\;C:\Program Files\MySQL\MySQL Shell 8.0\bin\;C:\Users\ADMIN\AppData\Local\Microsoft\WindowsApps;C:\mingw64\bin;C:\Users\ADMIN\AppData\Local\Programs\Microsoft VS Code\bin;C:\Users\ADMIN\AppData\Roaming\npm;C:\Users\ADMIN\.dotnet\tools;C:\Program Files\JetBrains\IntelliJ IDEA 2025.3.1\bin;C:\Users\ADMIN\AppData\Local\JetBrains\Toolbox\scripts;;C:\Program Files\JetBrains\IntelliJ IDEA Community Edition 2025.2.5\bin;C:\Users\ADMIN\.dotnet\tools
USERNAME=ADMIN
OS=Windows_NT
PROCESSOR_IDENTIFIER=Intel64 Family 6 Model 154 Stepping 3, GenuineIntel
TMP=C:\Users\ADMIN\AppData\Local\Temp
TEMP=C:\Users\ADMIN\AppData\Local\Temp




Periodic native trim disabled

---------------  S Y S T E M  ---------------

OS:
 Windows 11 , 64 bit Build 26100 (10.0.26100.5074)
OS uptime: 0 days 5:33 hours
Hyper-V role detected

CPU: total 12 (initial active 12) (6 cores per cpu, 2 threads per core) family 6 model 154 stepping 3 microcode 0x433, cx8, cmov, fxsr, ht, mmx, 3dnowpref, sse, sse2, sse3, ssse3, sse4.1, sse4.2, popcnt, lzcnt, tsc, tscinvbit, avx, avx2, aes, erms, clmul, bmi1, bmi2, adx, sha, fma, vzeroupper, clflush, clflushopt, clwb, hv, serialize, rdtscp, rdpid, fsrm, f16c, cet_ibt, cet_ss
Processor Information for processor 0
  Max Mhz: 2000, Current Mhz: 2000, Mhz Limit: 2000
Processor Information for processor 1
  Max Mhz: 2000, Current Mhz: 2000, Mhz Limit: 2000
Processor Information for processor 2
  Max Mhz: 2000, Current Mhz: 2000, Mhz Limit: 2000
Processor Information for processor 3
  Max Mhz: 2000, Current Mhz: 2000, Mhz Limit: 2000
Processor Information for processor 4
  Max Mhz: 2000, Current Mhz: 2000, Mhz Limit: 2000
Processor Information for processor 5
  Max Mhz: 2000, Current Mhz: 2000, Mhz Limit: 2000
Processor Information for processor 6
  Max Mhz: 2000, Current Mhz: 2000, Mhz Limit: 2000
Processor Information for processor 7
  Max Mhz: 2000, Current Mhz: 2000, Mhz Limit: 2000
Processor Information for processor 8
  Max Mhz: 2000, Current Mhz: 1200, Mhz Limit: 1500
Processor Information for processor 9
  Max Mhz: 2000, Current Mhz: 1500, Mhz Limit: 1500
Processor Information for processor 10
  Max Mhz: 2000, Current Mhz: 1500, Mhz Limit: 1500
Processor Information for processor 11
  Max Mhz: 2000, Current Mhz: 1200, Mhz Limit: 1500

Memory: 4k page, system-wide physical 16107M (4299M free)
TotalPageFile size 16107M (AvailPageFile size 160M)
current process WorkingSet (physical memory assigned to process): 12M, peak: 12M
current process commit charge ("private bytes"): 64M, peak: 316M

vm_info: OpenJDK 64-Bit Server VM (21.0.9+10-LTS) for windows-amd64 JRE (21.0.9+10-LTS), built on 2025-10-13T22:04:36Z by "MicrosoftCorporation" with unknown MS VC++:1944

END.
