#
# There is insufficient memory for the Java Runtime Environment to continue.
# Native memory allocation (malloc) failed to allocate 1522736 bytes. Error detail: Chunk::new
# Possible reasons:
#   The system is out of physical RAM or swap space
#   This process is running with CompressedOops enabled, and the Java Heap may be blocking the growth of the native heap
# Possible solutions:
#   Reduce memory load on the system
#   Increase physical memory or swap space
#   Check if swap backing store is full
#   Decrease Java heap size (-Xmx/-Xms)
#   Decrease number of Java threads
#   Decrease Java thread stack sizes (-Xss)
#   Set larger code cache with -XX:ReservedCodeCacheSize=
#   JVM is running with Zero Based Compressed Oops mode in which the Java heap is
#     placed in the first 32GB address space. The Java Heap base address is the
#     maximum limit for the native heap growth. Please use -XX:HeapBaseMinAddress
#     to set the Java Heap base and to place the Java Heap above 32GB virtual address.
# This output file may be truncated or incomplete.
#
#  Out of Memory Error (arena.cpp:168), pid=14976, tid=8772
#
# JRE version: OpenJDK Runtime Environment Microsoft-12574459 (21.0.9+10) (build 21.0.9+10-LTS)
# Java VM: OpenJDK 64-Bit Server VM Microsoft-12574459 (21.0.9+10-LTS, mixed mode, sharing, tiered, compressed oops, compressed class ptrs, g1 gc, windows-amd64)
# No core dump will be written. Minidumps are not enabled by default on client versions of Windows
#

---------------  S U M M A R Y ------------

Command Line: -javaagent:C:\Program Files\JetBrains\IntelliJ IDEA Community Edition 2025.2.5\lib\idea_rt.jar=49715 -Dfile.encoding=UTF-8 -Dsun.stdout.encoding=UTF-8 -Dsun.stderr.encoding=UTF-8 --module-path=C:\Users\ADMIN\.m2\repository\org\openjfx\javafx-fxml\21.0.6\javafx-fxml-21.0.6-win.jar;D:\VSCODE\.vscode\PBL3\target\classes;C:\Users\ADMIN\.m2\repository\org\openjfx\javafx-graphics\21.0.6\javafx-graphics-21.0.6-win.jar;C:\Users\ADMIN\.m2\repository\org\openjfx\javafx-controls\21.0.6\javafx-controls-21.0.6-win.jar;C:\Users\ADMIN\.m2\repository\org\openjfx\javafx-base\21.0.6\javafx-base-21.0.6-win.jar;C:\Users\ADMIN\Downloads\fontawesomefx-8.2.jar -Djdk.module.main=PBL3 PBL3/com.example.rentalcar.RentalApp

Host: 12th Gen Intel(R) Core(TM) i5-12450H, 12 cores, 15G,  Windows 11 , 64 bit Build 26100 (10.0.26100.5074)
Time: Sat Jan 24 14:15:41 2026 SE Asia Standard Time elapsed time: 2.395302 seconds (0d 0h 0m 2s)

---------------  T H R E A D  ---------------

Current thread (0x00000198ec5a5280):  JavaThread "C2 CompilerThread0" daemon [_thread_in_native, id=8772, stack(0x000000252b000000,0x000000252b100000) (1024K)]


Current CompileTask:
C2:2395  312       4       java.util.stream.ReferencePipeline$3$1::accept (23 bytes)

Stack: [0x000000252b000000,0x000000252b100000]
Native frames: (J=compiled Java code, j=interpreted, Vv=VM code, C=native code)
V  [jvm.dll+0x6df259]  (no source info available)
V  [jvm.dll+0x8bfe4b]  (no source info available)
V  [jvm.dll+0x8c23da]  (no source info available)
V  [jvm.dll+0x8c2ab3]  (no source info available)
V  [jvm.dll+0x28a416]  (no source info available)
V  [jvm.dll+0xc903d]  (no source info available)
V  [jvm.dll+0xc958c]  (no source info available)
V  [jvm.dll+0x3c7cc2]  (no source info available)
V  [jvm.dll+0x394452]  (no source info available)
V  [jvm.dll+0x3938aa]  (no source info available)
V  [jvm.dll+0x2520a0]  (no source info available)
V  [jvm.dll+0x2516c3]  (no source info available)
V  [jvm.dll+0x1d18cf]  (no source info available)
V  [jvm.dll+0x26138a]  (no source info available)
V  [jvm.dll+0x25f6f5]  (no source info available)
V  [jvm.dll+0x401aad]  (no source info available)
V  [jvm.dll+0x869f7d]  (no source info available)
V  [jvm.dll+0x6e080d]  (no source info available)
C  [ucrtbase.dll+0x37b0]  (no source info available)
C  [KERNEL32.DLL+0x2e8d7]  (no source info available)
C  [ntdll.dll+0x8d9c]  (no source info available)


---------------  P R O C E S S  ---------------

Threads class SMR info:
_java_thread_list=0x00000198f1e42370, length=10, elements={
0x00000198cd6699c0, 0x00000198ec58f1c0, 0x00000198ec591c20, 0x00000198ec594470,
0x00000198ec596150, 0x00000198ec597710, 0x00000198ec5a0ce0, 0x00000198ec5a5280,
0x00000198ec5a5d10, 0x00000198f10e4df0
}

Java Threads: ( => current thread )
  0x00000198cd6699c0 JavaThread "main"                              [_thread_in_native, id=14820, stack(0x000000252a200000,0x000000252a300000) (1024K)]
  0x00000198ec58f1c0 JavaThread "Reference Handler"          daemon [_thread_blocked, id=21532, stack(0x000000252aa00000,0x000000252ab00000) (1024K)]
  0x00000198ec591c20 JavaThread "Finalizer"                  daemon [_thread_blocked, id=2436, stack(0x000000252ab00000,0x000000252ac00000) (1024K)]
  0x00000198ec594470 JavaThread "Signal Dispatcher"          daemon [_thread_blocked, id=22452, stack(0x000000252ac00000,0x000000252ad00000) (1024K)]
  0x00000198ec596150 JavaThread "Attach Listener"            daemon [_thread_blocked, id=16296, stack(0x000000252ad00000,0x000000252ae00000) (1024K)]
  0x00000198ec597710 JavaThread "Service Thread"             daemon [_thread_blocked, id=21044, stack(0x000000252ae00000,0x000000252af00000) (1024K)]
  0x00000198ec5a0ce0 JavaThread "Monitor Deflation Thread"   daemon [_thread_blocked, id=10224, stack(0x000000252af00000,0x000000252b000000) (1024K)]
=>0x00000198ec5a5280 JavaThread "C2 CompilerThread0"         daemon [_thread_in_native, id=8772, stack(0x000000252b000000,0x000000252b100000) (1024K)]
  0x00000198ec5a5d10 JavaThread "C1 CompilerThread0"         daemon [_thread_blocked, id=16412, stack(0x000000252b100000,0x000000252b200000) (1024K)]
  0x00000198f10e4df0 JavaThread "Common-Cleaner"             daemon [_thread_blocked, id=16364, stack(0x000000252b200000,0x000000252b300000) (1024K)]
Total: 10

Other Threads:
  0x00000198ec573570 VMThread "VM Thread"                           [id=20196, stack(0x000000252a900000,0x000000252aa00000) (1024K)]
  0x00000198ec55fda0 WatcherThread "VM Periodic Task Thread"        [id=21600, stack(0x000000252a800000,0x000000252a900000) (1024K)]
  0x00000198cd6d2d40 WorkerThread "GC Thread#0"                     [id=2260, stack(0x000000252a300000,0x000000252a400000) (1024K)]
  0x00000198cd6e38e0 ConcurrentGCThread "G1 Main Marker"            [id=16344, stack(0x000000252a400000,0x000000252a500000) (1024K)]
  0x00000198cd6e6110 WorkerThread "G1 Conc#0"                       [id=8352, stack(0x000000252a500000,0x000000252a600000) (1024K)]
  0x00000198ec42e000 ConcurrentGCThread "G1 Refine#0"               [id=11236, stack(0x000000252a600000,0x000000252a700000) (1024K)]
  0x00000198ec42e820 ConcurrentGCThread "G1 Service"                [id=1624, stack(0x000000252a700000,0x000000252a800000) (1024K)]
Total: 7

Threads with active compile tasks:
C2 CompilerThread0  2423  312       4       java.util.stream.ReferencePipeline$3$1::accept (23 bytes)
Total: 1

VM state: not at safepoint (normal execution)

VM Mutex/Monitor currently owned by a thread: None

Heap address: 0x0000000704400000, size: 4028 MB, Compressed Oops mode: Zero based, Oop shift amount: 3

CDS archive(s) mapped at: [0x0000019880000000-0x0000019880c80000-0x0000019880c80000), size 13107200, SharedBaseAddress: 0x0000019880000000, ArchiveRelocationMode: 1.
Compressed class space mapped at: 0x0000019881000000-0x00000198c1000000, reserved size: 1073741824
Narrow klass base: 0x0000019880000000, Narrow klass shift: 0, Narrow klass range: 0x100000000

GC Precious Log:
 CardTable entry size: 512
 Card Set container configuration: InlinePtr #cards 4 size 8 Array Of Cards #cards 16 size 48 Howl #buckets 8 coarsen threshold 3686 Howl Bitmap #cards 512 size 80 coarsen threshold 460 Card regions per heap region 1 cards per card region 4096
 CPUs: 12 total, 12 available
 Memory: 16107M
 Large Page Support: Disabled
 NUMA Support: Disabled
 Compressed Oops: Enabled (Zero based)
 Heap Region Size: 2M
 Heap Min Capacity: 8M
 Heap Initial Capacity: 252M
 Heap Max Capacity: 4028M
 Pre-touch: Disabled
 Parallel Workers: 10
 Concurrent Workers: 3
 Concurrent Refinement Workers: 10
 Periodic GC: Disabled

Heap:
 garbage-first heap   total 258048K, used 6144K [0x0000000704400000, 0x0000000800000000)
  region size 2048K, 4 young (8192K), 0 survivors (0K)
 Metaspace       used 875K, committed 1088K, reserved 1114112K
  class space    used 74K, committed 192K, reserved 1048576K

Heap Regions: E=young(eden), S=young(survivor), O=old, HS=humongous(starts), HC=humongous(continues), CS=collection set, F=free, TAMS=top-at-mark-start, PB=parsable bottom
|   0|0x0000000704400000, 0x0000000704400000, 0x0000000704600000|  0%| F|  |TAMS 0x0000000704400000| PB 0x0000000704400000| Untracked 
|   1|0x0000000704600000, 0x0000000704600000, 0x0000000704800000|  0%| F|  |TAMS 0x0000000704600000| PB 0x0000000704600000| Untracked 
|   2|0x0000000704800000, 0x0000000704800000, 0x0000000704a00000|  0%| F|  |TAMS 0x0000000704800000| PB 0x0000000704800000| Untracked 
|   3|0x0000000704a00000, 0x0000000704a00000, 0x0000000704c00000|  0%| F|  |TAMS 0x0000000704a00000| PB 0x0000000704a00000| Untracked 
|   4|0x0000000704c00000, 0x0000000704c00000, 0x0000000704e00000|  0%| F|  |TAMS 0x0000000704c00000| PB 0x0000000704c00000| Untracked 
|   5|0x0000000704e00000, 0x0000000704e00000, 0x0000000705000000|  0%| F|  |TAMS 0x0000000704e00000| PB 0x0000000704e00000| Untracked 
|   6|0x0000000705000000, 0x0000000705000000, 0x0000000705200000|  0%| F|  |TAMS 0x0000000705000000| PB 0x0000000705000000| Untracked 
|   7|0x0000000705200000, 0x0000000705200000, 0x0000000705400000|  0%| F|  |TAMS 0x0000000705200000| PB 0x0000000705200000| Untracked 
|   8|0x0000000705400000, 0x0000000705400000, 0x0000000705600000|  0%| F|  |TAMS 0x0000000705400000| PB 0x0000000705400000| Untracked 
|   9|0x0000000705600000, 0x0000000705600000, 0x0000000705800000|  0%| F|  |TAMS 0x0000000705600000| PB 0x0000000705600000| Untracked 
|  10|0x0000000705800000, 0x0000000705800000, 0x0000000705a00000|  0%| F|  |TAMS 0x0000000705800000| PB 0x0000000705800000| Untracked 
|  11|0x0000000705a00000, 0x0000000705a00000, 0x0000000705c00000|  0%| F|  |TAMS 0x0000000705a00000| PB 0x0000000705a00000| Untracked 
|  12|0x0000000705c00000, 0x0000000705c00000, 0x0000000705e00000|  0%| F|  |TAMS 0x0000000705c00000| PB 0x0000000705c00000| Untracked 
|  13|0x0000000705e00000, 0x0000000705e00000, 0x0000000706000000|  0%| F|  |TAMS 0x0000000705e00000| PB 0x0000000705e00000| Untracked 
|  14|0x0000000706000000, 0x0000000706000000, 0x0000000706200000|  0%| F|  |TAMS 0x0000000706000000| PB 0x0000000706000000| Untracked 
|  15|0x0000000706200000, 0x0000000706200000, 0x0000000706400000|  0%| F|  |TAMS 0x0000000706200000| PB 0x0000000706200000| Untracked 
|  16|0x0000000706400000, 0x0000000706400000, 0x0000000706600000|  0%| F|  |TAMS 0x0000000706400000| PB 0x0000000706400000| Untracked 
|  17|0x0000000706600000, 0x0000000706600000, 0x0000000706800000|  0%| F|  |TAMS 0x0000000706600000| PB 0x0000000706600000| Untracked 
|  18|0x0000000706800000, 0x0000000706800000, 0x0000000706a00000|  0%| F|  |TAMS 0x0000000706800000| PB 0x0000000706800000| Untracked 
|  19|0x0000000706a00000, 0x0000000706a00000, 0x0000000706c00000|  0%| F|  |TAMS 0x0000000706a00000| PB 0x0000000706a00000| Untracked 
|  20|0x0000000706c00000, 0x0000000706c00000, 0x0000000706e00000|  0%| F|  |TAMS 0x0000000706c00000| PB 0x0000000706c00000| Untracked 
|  21|0x0000000706e00000, 0x0000000706e00000, 0x0000000707000000|  0%| F|  |TAMS 0x0000000706e00000| PB 0x0000000706e00000| Untracked 
|  22|0x0000000707000000, 0x0000000707000000, 0x0000000707200000|  0%| F|  |TAMS 0x0000000707000000| PB 0x0000000707000000| Untracked 
|  23|0x0000000707200000, 0x0000000707200000, 0x0000000707400000|  0%| F|  |TAMS 0x0000000707200000| PB 0x0000000707200000| Untracked 
|  24|0x0000000707400000, 0x0000000707400000, 0x0000000707600000|  0%| F|  |TAMS 0x0000000707400000| PB 0x0000000707400000| Untracked 
|  25|0x0000000707600000, 0x0000000707600000, 0x0000000707800000|  0%| F|  |TAMS 0x0000000707600000| PB 0x0000000707600000| Untracked 
|  26|0x0000000707800000, 0x0000000707800000, 0x0000000707a00000|  0%| F|  |TAMS 0x0000000707800000| PB 0x0000000707800000| Untracked 
|  27|0x0000000707a00000, 0x0000000707a00000, 0x0000000707c00000|  0%| F|  |TAMS 0x0000000707a00000| PB 0x0000000707a00000| Untracked 
|  28|0x0000000707c00000, 0x0000000707c00000, 0x0000000707e00000|  0%| F|  |TAMS 0x0000000707c00000| PB 0x0000000707c00000| Untracked 
|  29|0x0000000707e00000, 0x0000000707e00000, 0x0000000708000000|  0%| F|  |TAMS 0x0000000707e00000| PB 0x0000000707e00000| Untracked 
|  30|0x0000000708000000, 0x0000000708000000, 0x0000000708200000|  0%| F|  |TAMS 0x0000000708000000| PB 0x0000000708000000| Untracked 
|  31|0x0000000708200000, 0x0000000708200000, 0x0000000708400000|  0%| F|  |TAMS 0x0000000708200000| PB 0x0000000708200000| Untracked 
|  32|0x0000000708400000, 0x0000000708400000, 0x0000000708600000|  0%| F|  |TAMS 0x0000000708400000| PB 0x0000000708400000| Untracked 
|  33|0x0000000708600000, 0x0000000708600000, 0x0000000708800000|  0%| F|  |TAMS 0x0000000708600000| PB 0x0000000708600000| Untracked 
|  34|0x0000000708800000, 0x0000000708800000, 0x0000000708a00000|  0%| F|  |TAMS 0x0000000708800000| PB 0x0000000708800000| Untracked 
|  35|0x0000000708a00000, 0x0000000708a00000, 0x0000000708c00000|  0%| F|  |TAMS 0x0000000708a00000| PB 0x0000000708a00000| Untracked 
|  36|0x0000000708c00000, 0x0000000708c00000, 0x0000000708e00000|  0%| F|  |TAMS 0x0000000708c00000| PB 0x0000000708c00000| Untracked 
|  37|0x0000000708e00000, 0x0000000708e00000, 0x0000000709000000|  0%| F|  |TAMS 0x0000000708e00000| PB 0x0000000708e00000| Untracked 
|  38|0x0000000709000000, 0x0000000709000000, 0x0000000709200000|  0%| F|  |TAMS 0x0000000709000000| PB 0x0000000709000000| Untracked 
|  39|0x0000000709200000, 0x0000000709200000, 0x0000000709400000|  0%| F|  |TAMS 0x0000000709200000| PB 0x0000000709200000| Untracked 
|  40|0x0000000709400000, 0x0000000709400000, 0x0000000709600000|  0%| F|  |TAMS 0x0000000709400000| PB 0x0000000709400000| Untracked 
|  41|0x0000000709600000, 0x0000000709600000, 0x0000000709800000|  0%| F|  |TAMS 0x0000000709600000| PB 0x0000000709600000| Untracked 
|  42|0x0000000709800000, 0x0000000709800000, 0x0000000709a00000|  0%| F|  |TAMS 0x0000000709800000| PB 0x0000000709800000| Untracked 
|  43|0x0000000709a00000, 0x0000000709a00000, 0x0000000709c00000|  0%| F|  |TAMS 0x0000000709a00000| PB 0x0000000709a00000| Untracked 
|  44|0x0000000709c00000, 0x0000000709c00000, 0x0000000709e00000|  0%| F|  |TAMS 0x0000000709c00000| PB 0x0000000709c00000| Untracked 
|  45|0x0000000709e00000, 0x0000000709e00000, 0x000000070a000000|  0%| F|  |TAMS 0x0000000709e00000| PB 0x0000000709e00000| Untracked 
|  46|0x000000070a000000, 0x000000070a000000, 0x000000070a200000|  0%| F|  |TAMS 0x000000070a000000| PB 0x000000070a000000| Untracked 
|  47|0x000000070a200000, 0x000000070a200000, 0x000000070a400000|  0%| F|  |TAMS 0x000000070a200000| PB 0x000000070a200000| Untracked 
|  48|0x000000070a400000, 0x000000070a400000, 0x000000070a600000|  0%| F|  |TAMS 0x000000070a400000| PB 0x000000070a400000| Untracked 
|  49|0x000000070a600000, 0x000000070a600000, 0x000000070a800000|  0%| F|  |TAMS 0x000000070a600000| PB 0x000000070a600000| Untracked 
|  50|0x000000070a800000, 0x000000070a800000, 0x000000070aa00000|  0%| F|  |TAMS 0x000000070a800000| PB 0x000000070a800000| Untracked 
|  51|0x000000070aa00000, 0x000000070aa00000, 0x000000070ac00000|  0%| F|  |TAMS 0x000000070aa00000| PB 0x000000070aa00000| Untracked 
|  52|0x000000070ac00000, 0x000000070ac00000, 0x000000070ae00000|  0%| F|  |TAMS 0x000000070ac00000| PB 0x000000070ac00000| Untracked 
|  53|0x000000070ae00000, 0x000000070ae00000, 0x000000070b000000|  0%| F|  |TAMS 0x000000070ae00000| PB 0x000000070ae00000| Untracked 
|  54|0x000000070b000000, 0x000000070b000000, 0x000000070b200000|  0%| F|  |TAMS 0x000000070b000000| PB 0x000000070b000000| Untracked 
|  55|0x000000070b200000, 0x000000070b200000, 0x000000070b400000|  0%| F|  |TAMS 0x000000070b200000| PB 0x000000070b200000| Untracked 
|  56|0x000000070b400000, 0x000000070b400000, 0x000000070b600000|  0%| F|  |TAMS 0x000000070b400000| PB 0x000000070b400000| Untracked 
|  57|0x000000070b600000, 0x000000070b600000, 0x000000070b800000|  0%| F|  |TAMS 0x000000070b600000| PB 0x000000070b600000| Untracked 
|  58|0x000000070b800000, 0x000000070b800000, 0x000000070ba00000|  0%| F|  |TAMS 0x000000070b800000| PB 0x000000070b800000| Untracked 
|  59|0x000000070ba00000, 0x000000070ba00000, 0x000000070bc00000|  0%| F|  |TAMS 0x000000070ba00000| PB 0x000000070ba00000| Untracked 
|  60|0x000000070bc00000, 0x000000070bc00000, 0x000000070be00000|  0%| F|  |TAMS 0x000000070bc00000| PB 0x000000070bc00000| Untracked 
|  61|0x000000070be00000, 0x000000070be00000, 0x000000070c000000|  0%| F|  |TAMS 0x000000070be00000| PB 0x000000070be00000| Untracked 
|  62|0x000000070c000000, 0x000000070c000000, 0x000000070c200000|  0%| F|  |TAMS 0x000000070c000000| PB 0x000000070c000000| Untracked 
|  63|0x000000070c200000, 0x000000070c200000, 0x000000070c400000|  0%| F|  |TAMS 0x000000070c200000| PB 0x000000070c200000| Untracked 
|  64|0x000000070c400000, 0x000000070c400000, 0x000000070c600000|  0%| F|  |TAMS 0x000000070c400000| PB 0x000000070c400000| Untracked 
|  65|0x000000070c600000, 0x000000070c600000, 0x000000070c800000|  0%| F|  |TAMS 0x000000070c600000| PB 0x000000070c600000| Untracked 
|  66|0x000000070c800000, 0x000000070c800000, 0x000000070ca00000|  0%| F|  |TAMS 0x000000070c800000| PB 0x000000070c800000| Untracked 
|  67|0x000000070ca00000, 0x000000070ca00000, 0x000000070cc00000|  0%| F|  |TAMS 0x000000070ca00000| PB 0x000000070ca00000| Untracked 
|  68|0x000000070cc00000, 0x000000070cc00000, 0x000000070ce00000|  0%| F|  |TAMS 0x000000070cc00000| PB 0x000000070cc00000| Untracked 
|  69|0x000000070ce00000, 0x000000070ce00000, 0x000000070d000000|  0%| F|  |TAMS 0x000000070ce00000| PB 0x000000070ce00000| Untracked 
|  70|0x000000070d000000, 0x000000070d000000, 0x000000070d200000|  0%| F|  |TAMS 0x000000070d000000| PB 0x000000070d000000| Untracked 
|  71|0x000000070d200000, 0x000000070d200000, 0x000000070d400000|  0%| F|  |TAMS 0x000000070d200000| PB 0x000000070d200000| Untracked 
|  72|0x000000070d400000, 0x000000070d400000, 0x000000070d600000|  0%| F|  |TAMS 0x000000070d400000| PB 0x000000070d400000| Untracked 
|  73|0x000000070d600000, 0x000000070d600000, 0x000000070d800000|  0%| F|  |TAMS 0x000000070d600000| PB 0x000000070d600000| Untracked 
|  74|0x000000070d800000, 0x000000070d800000, 0x000000070da00000|  0%| F|  |TAMS 0x000000070d800000| PB 0x000000070d800000| Untracked 
|  75|0x000000070da00000, 0x000000070da00000, 0x000000070dc00000|  0%| F|  |TAMS 0x000000070da00000| PB 0x000000070da00000| Untracked 
|  76|0x000000070dc00000, 0x000000070dc00000, 0x000000070de00000|  0%| F|  |TAMS 0x000000070dc00000| PB 0x000000070dc00000| Untracked 
|  77|0x000000070de00000, 0x000000070de00000, 0x000000070e000000|  0%| F|  |TAMS 0x000000070de00000| PB 0x000000070de00000| Untracked 
|  78|0x000000070e000000, 0x000000070e000000, 0x000000070e200000|  0%| F|  |TAMS 0x000000070e000000| PB 0x000000070e000000| Untracked 
|  79|0x000000070e200000, 0x000000070e200000, 0x000000070e400000|  0%| F|  |TAMS 0x000000070e200000| PB 0x000000070e200000| Untracked 
|  80|0x000000070e400000, 0x000000070e400000, 0x000000070e600000|  0%| F|  |TAMS 0x000000070e400000| PB 0x000000070e400000| Untracked 
|  81|0x000000070e600000, 0x000000070e600000, 0x000000070e800000|  0%| F|  |TAMS 0x000000070e600000| PB 0x000000070e600000| Untracked 
|  82|0x000000070e800000, 0x000000070e800000, 0x000000070ea00000|  0%| F|  |TAMS 0x000000070e800000| PB 0x000000070e800000| Untracked 
|  83|0x000000070ea00000, 0x000000070ea00000, 0x000000070ec00000|  0%| F|  |TAMS 0x000000070ea00000| PB 0x000000070ea00000| Untracked 
|  84|0x000000070ec00000, 0x000000070ec00000, 0x000000070ee00000|  0%| F|  |TAMS 0x000000070ec00000| PB 0x000000070ec00000| Untracked 
|  85|0x000000070ee00000, 0x000000070ee00000, 0x000000070f000000|  0%| F|  |TAMS 0x000000070ee00000| PB 0x000000070ee00000| Untracked 
|  86|0x000000070f000000, 0x000000070f000000, 0x000000070f200000|  0%| F|  |TAMS 0x000000070f000000| PB 0x000000070f000000| Untracked 
|  87|0x000000070f200000, 0x000000070f200000, 0x000000070f400000|  0%| F|  |TAMS 0x000000070f200000| PB 0x000000070f200000| Untracked 
|  88|0x000000070f400000, 0x000000070f400000, 0x000000070f600000|  0%| F|  |TAMS 0x000000070f400000| PB 0x000000070f400000| Untracked 
|  89|0x000000070f600000, 0x000000070f600000, 0x000000070f800000|  0%| F|  |TAMS 0x000000070f600000| PB 0x000000070f600000| Untracked 
|  90|0x000000070f800000, 0x000000070f800000, 0x000000070fa00000|  0%| F|  |TAMS 0x000000070f800000| PB 0x000000070f800000| Untracked 
|  91|0x000000070fa00000, 0x000000070fa00000, 0x000000070fc00000|  0%| F|  |TAMS 0x000000070fa00000| PB 0x000000070fa00000| Untracked 
|  92|0x000000070fc00000, 0x000000070fc00000, 0x000000070fe00000|  0%| F|  |TAMS 0x000000070fc00000| PB 0x000000070fc00000| Untracked 
|  93|0x000000070fe00000, 0x000000070fe00000, 0x0000000710000000|  0%| F|  |TAMS 0x000000070fe00000| PB 0x000000070fe00000| Untracked 
|  94|0x0000000710000000, 0x0000000710000000, 0x0000000710200000|  0%| F|  |TAMS 0x0000000710000000| PB 0x0000000710000000| Untracked 
|  95|0x0000000710200000, 0x0000000710200000, 0x0000000710400000|  0%| F|  |TAMS 0x0000000710200000| PB 0x0000000710200000| Untracked 
|  96|0x0000000710400000, 0x0000000710400000, 0x0000000710600000|  0%| F|  |TAMS 0x0000000710400000| PB 0x0000000710400000| Untracked 
|  97|0x0000000710600000, 0x0000000710600000, 0x0000000710800000|  0%| F|  |TAMS 0x0000000710600000| PB 0x0000000710600000| Untracked 
|  98|0x0000000710800000, 0x0000000710800000, 0x0000000710a00000|  0%| F|  |TAMS 0x0000000710800000| PB 0x0000000710800000| Untracked 
|  99|0x0000000710a00000, 0x0000000710a00000, 0x0000000710c00000|  0%| F|  |TAMS 0x0000000710a00000| PB 0x0000000710a00000| Untracked 
| 100|0x0000000710c00000, 0x0000000710c00000, 0x0000000710e00000|  0%| F|  |TAMS 0x0000000710c00000| PB 0x0000000710c00000| Untracked 
| 101|0x0000000710e00000, 0x0000000710e00000, 0x0000000711000000|  0%| F|  |TAMS 0x0000000710e00000| PB 0x0000000710e00000| Untracked 
| 102|0x0000000711000000, 0x0000000711000000, 0x0000000711200000|  0%| F|  |TAMS 0x0000000711000000| PB 0x0000000711000000| Untracked 
| 103|0x0000000711200000, 0x0000000711200000, 0x0000000711400000|  0%| F|  |TAMS 0x0000000711200000| PB 0x0000000711200000| Untracked 
| 104|0x0000000711400000, 0x0000000711400000, 0x0000000711600000|  0%| F|  |TAMS 0x0000000711400000| PB 0x0000000711400000| Untracked 
| 105|0x0000000711600000, 0x0000000711600000, 0x0000000711800000|  0%| F|  |TAMS 0x0000000711600000| PB 0x0000000711600000| Untracked 
| 106|0x0000000711800000, 0x0000000711800000, 0x0000000711a00000|  0%| F|  |TAMS 0x0000000711800000| PB 0x0000000711800000| Untracked 
| 107|0x0000000711a00000, 0x0000000711a00000, 0x0000000711c00000|  0%| F|  |TAMS 0x0000000711a00000| PB 0x0000000711a00000| Untracked 
| 108|0x0000000711c00000, 0x0000000711c00000, 0x0000000711e00000|  0%| F|  |TAMS 0x0000000711c00000| PB 0x0000000711c00000| Untracked 
| 109|0x0000000711e00000, 0x0000000711e00000, 0x0000000712000000|  0%| F|  |TAMS 0x0000000711e00000| PB 0x0000000711e00000| Untracked 
| 110|0x0000000712000000, 0x0000000712000000, 0x0000000712200000|  0%| F|  |TAMS 0x0000000712000000| PB 0x0000000712000000| Untracked 
| 111|0x0000000712200000, 0x0000000712200000, 0x0000000712400000|  0%| F|  |TAMS 0x0000000712200000| PB 0x0000000712200000| Untracked 
| 112|0x0000000712400000, 0x0000000712400000, 0x0000000712600000|  0%| F|  |TAMS 0x0000000712400000| PB 0x0000000712400000| Untracked 
| 113|0x0000000712600000, 0x0000000712600000, 0x0000000712800000|  0%| F|  |TAMS 0x0000000712600000| PB 0x0000000712600000| Untracked 
| 114|0x0000000712800000, 0x0000000712800000, 0x0000000712a00000|  0%| F|  |TAMS 0x0000000712800000| PB 0x0000000712800000| Untracked 
| 115|0x0000000712a00000, 0x0000000712a00000, 0x0000000712c00000|  0%| F|  |TAMS 0x0000000712a00000| PB 0x0000000712a00000| Untracked 
| 116|0x0000000712c00000, 0x0000000712c00000, 0x0000000712e00000|  0%| F|  |TAMS 0x0000000712c00000| PB 0x0000000712c00000| Untracked 
| 117|0x0000000712e00000, 0x0000000712e00000, 0x0000000713000000|  0%| F|  |TAMS 0x0000000712e00000| PB 0x0000000712e00000| Untracked 
| 118|0x0000000713000000, 0x0000000713000000, 0x0000000713200000|  0%| F|  |TAMS 0x0000000713000000| PB 0x0000000713000000| Untracked 
| 119|0x0000000713200000, 0x0000000713200000, 0x0000000713400000|  0%| F|  |TAMS 0x0000000713200000| PB 0x0000000713200000| Untracked 
| 120|0x0000000713400000, 0x0000000713400000, 0x0000000713600000|  0%| F|  |TAMS 0x0000000713400000| PB 0x0000000713400000| Untracked 
| 121|0x0000000713600000, 0x0000000713600000, 0x0000000713800000|  0%| F|  |TAMS 0x0000000713600000| PB 0x0000000713600000| Untracked 
| 122|0x0000000713800000, 0x00000007139c29a0, 0x0000000713a00000| 88%| E|  |TAMS 0x0000000713800000| PB 0x0000000713800000| Complete 
| 123|0x0000000713a00000, 0x0000000713c00000, 0x0000000713c00000|100%| E|CS|TAMS 0x0000000713a00000| PB 0x0000000713a00000| Complete 
| 124|0x0000000713c00000, 0x0000000713e00000, 0x0000000713e00000|100%| E|CS|TAMS 0x0000000713c00000| PB 0x0000000713c00000| Complete 
| 125|0x0000000713e00000, 0x0000000714000000, 0x0000000714000000|100%| E|CS|TAMS 0x0000000713e00000| PB 0x0000000713e00000| Complete 

Card table byte_map: [0x00000198e5ac0000,0x00000198e62a0000] _byte_map_base: 0x00000198e229e000

Marking Bits: (CMBitMap*) 0x00000198cd6d3440
 Bits: [0x00000198e62a0000, 0x00000198ea190000)

Polling page: 0x00000198cb6e0000

Metaspace:

Usage:
  Non-class:    801.58 KB used.
      Class:     74.22 KB used.
       Both:    875.80 KB used.

Virtual space:
  Non-class space:       64.00 MB reserved,     896.00 KB (  1%) committed,  1 nodes.
      Class space:        1.00 GB reserved,     192.00 KB ( <1%) committed,  1 nodes.
             Both:        1.06 GB reserved,       1.06 MB ( <1%) committed. 

Chunk freelists:
   Non-Class:  11.98 MB
       Class:  15.74 MB
        Both:  27.73 MB

MaxMetaspaceSize: unlimited
CompressedClassSpaceSize: 1.00 GB
Initial GC threshold: 21.00 MB
Current GC threshold: 21.00 MB
CDS: on
 - commit_granule_bytes: 65536.
 - commit_granule_words: 8192.
 - virtual_space_node_default_size: 8388608.
 - enlarge_chunks_in_place: 1.
 - use_allocation_guard: 0.


Internal statistics:

num_allocs_failed_limit: 0.
num_arena_births: 18.
num_arena_deaths: 0.
num_vsnodes_births: 2.
num_vsnodes_deaths: 0.
num_space_committed: 17.
num_space_uncommitted: 0.
num_chunks_returned_to_freelist: 0.
num_chunks_taken_from_freelist: 19.
num_chunk_merges: 0.
num_chunk_splits: 14.
num_chunks_enlarged: 8.
num_inconsistent_stats: 0.

CodeHeap 'non-profiled nmethods': size=120000Kb used=191Kb max_used=191Kb free=119808Kb
 bounds [0x00000198dd850000, 0x00000198ddac0000, 0x00000198e4d80000]
CodeHeap 'profiled nmethods': size=120000Kb used=596Kb max_used=596Kb free=119403Kb
 bounds [0x00000198d5d80000, 0x00000198d5ff0000, 0x00000198dd2b0000]
CodeHeap 'non-nmethods': size=5760Kb used=1254Kb max_used=1277Kb free=4506Kb
 bounds [0x00000198dd2b0000, 0x00000198dd520000, 0x00000198dd850000]
CodeCache: size=245760Kb, used=2041Kb, max_used=2064Kb, free=243717Kb
 total_blobs=877, nmethods=457, adapters=325, full_count=0
Compilation: enabled, stopped_count=0, restarted_count=0

Compilation events (20 events):
Event: 1.337 Thread 0x00000198ec5a5d10  448       3       java.lang.Float::isNaN (12 bytes)
Event: 1.337 Thread 0x00000198ec5a5d10 nmethod 448 0x00000198d5e12690 code [0x00000198d5e12820, 0x00000198d5e12980]
Event: 1.337 Thread 0x00000198ec5a5d10  450       1       jdk.internal.module.ModuleReferenceImpl::moduleResolution (5 bytes)
Event: 1.337 Thread 0x00000198ec5a5d10 nmethod 450 0x00000198dd87c290 code [0x00000198dd87c420, 0x00000198dd87c4f0]
Event: 1.337 Thread 0x00000198f12e7870 nmethod 366 0x00000198dd87c590 code [0x00000198dd87c840, 0x00000198dd87da40]
Event: 1.337 Thread 0x00000198f12e7870  398       4       java.util.ImmutableCollections$SetN::contains (26 bytes)
Event: 1.340 Thread 0x00000198f12e7870 nmethod 398 0x00000198dd87e390 code [0x00000198dd87e540, 0x00000198dd87e818]
Event: 1.352 Thread 0x00000198ec5a5d10  451       3       jdk.internal.misc.VM::isBooted (13 bytes)
Event: 1.352 Thread 0x00000198ec5a5d10 nmethod 451 0x00000198d5e12a10 code [0x00000198d5e12ba0, 0x00000198d5e12cf0]
Event: 1.353 Thread 0x00000198ec5a5d10  452       3       java.lang.invoke.MemberName::isStatic (8 bytes)
Event: 1.353 Thread 0x00000198ec5a5d10 nmethod 452 0x00000198d5e12d90 code [0x00000198d5e12f40, 0x00000198d5e13100]
Event: 1.353 Thread 0x00000198ec5a5d10  453       3       java.lang.invoke.MemberName::getModifiers (8 bytes)
Event: 1.354 Thread 0x00000198ec5a5d10 nmethod 453 0x00000198d5e13190 code [0x00000198d5e13320, 0x00000198d5e13430]
Event: 1.359 Thread 0x00000198f1192b30 nmethod 446 0x00000198dd87ea10 code [0x00000198dd87ec20, 0x00000198dd87f8a0]
Event: 1.378 Thread 0x00000198ec5a5d10  454   !   3       jdk.internal.misc.Blocker::begin (97 bytes)
Event: 1.379 Thread 0x00000198ec5a5d10 nmethod 454 0x00000198d5e13490 code [0x00000198d5e136c0, 0x00000198d5e13f98]
Event: 1.379 Thread 0x00000198ec5a5d10  455       3       jdk.internal.misc.Blocker::end (71 bytes)
Event: 1.379 Thread 0x00000198ec5a5d10 nmethod 455 0x00000198d5e14190 code [0x00000198d5e14380, 0x00000198d5e14840]
Event: 1.379 Thread 0x00000198ec5a5d10  456       3       java.io.WinNTFileSystem::isSlash (18 bytes)
Event: 1.379 Thread 0x00000198ec5a5d10 nmethod 456 0x00000198d5e14a10 code [0x00000198d5e14bc0, 0x00000198d5e14d50]

GC Heap History (0 events):
No events

Dll operation events (7 events):
Event: 0.036 Loaded shared library C:\Users\ADMIN\.jdks\ms-21.0.9\bin\java.dll
Event: 0.060 Loaded shared library C:\Users\ADMIN\.jdks\ms-21.0.9\bin\jsvml.dll
Event: 0.085 Loaded shared library C:\Users\ADMIN\.jdks\ms-21.0.9\bin\net.dll
Event: 0.087 Loaded shared library C:\Users\ADMIN\.jdks\ms-21.0.9\bin\nio.dll
Event: 0.121 Loaded shared library C:\Users\ADMIN\.jdks\ms-21.0.9\bin\zip.dll
Event: 1.351 Loaded shared library C:\Users\ADMIN\.jdks\ms-21.0.9\bin\zip.dll
Event: 1.354 Loaded shared library C:\Users\ADMIN\.jdks\ms-21.0.9\bin\instrument.dll

Deoptimization events (18 events):
Event: 0.222 Thread 0x00000198cd6699c0 DEOPT PACKING pc=0x00000198d5dc80c7 sp=0x000000252a2fde70
Event: 0.222 Thread 0x00000198cd6699c0 DEOPT UNPACKING pc=0x00000198dd304bc2 sp=0x000000252a2fd390 mode 0
Event: 0.231 Thread 0x00000198cd6699c0 Uncommon trap: trap_request=0xffffff45 fr.pc=0x00000198dd8615bc relative=0x000000000000009c
Event: 0.231 Thread 0x00000198cd6699c0 Uncommon trap: reason=unstable_if action=reinterpret pc=0x00000198dd8615bc method=java.lang.StringLatin1.lastIndexOf([BI[BII)I @ 32 c2
Event: 0.231 Thread 0x00000198cd6699c0 DEOPT PACKING pc=0x00000198dd8615bc sp=0x000000252a2fdf80
Event: 1.244 Thread 0x00000198cd6699c0 DEOPT UNPACKING pc=0x00000198dd304422 sp=0x000000252a2fded8 mode 2
Event: 1.327 Thread 0x00000198cd6699c0 Uncommon trap: trap_request=0xffffff45 fr.pc=0x00000198dd861cd4 relative=0x0000000000000214
Event: 1.327 Thread 0x00000198cd6699c0 Uncommon trap: reason=unstable_if action=reinterpret pc=0x00000198dd861cd4 method=java.util.ImmutableCollections$SetN.probe(Ljava/lang/Object;)I @ 34 c2
Event: 1.327 Thread 0x00000198cd6699c0 DEOPT PACKING pc=0x00000198dd861cd4 sp=0x000000252a2fefb0
Event: 1.327 Thread 0x00000198cd6699c0 DEOPT UNPACKING pc=0x00000198dd304422 sp=0x000000252a2fef50 mode 2
Event: 1.332 Thread 0x00000198cd6699c0 Uncommon trap: trap_request=0xffffff45 fr.pc=0x00000198dd86758c relative=0x000000000000062c
Event: 1.332 Thread 0x00000198cd6699c0 Uncommon trap: reason=unstable_if action=reinterpret pc=0x00000198dd86758c method=java.lang.StringLatin1.newString([BII)Ljava/lang/String; @ 1 c2
Event: 1.332 Thread 0x00000198cd6699c0 DEOPT PACKING pc=0x00000198dd86758c sp=0x000000252a2fedf0
Event: 1.332 Thread 0x00000198cd6699c0 DEOPT UNPACKING pc=0x00000198dd304422 sp=0x000000252a2fed50 mode 2
Event: 1.332 Thread 0x00000198cd6699c0 Uncommon trap: trap_request=0xffffff45 fr.pc=0x00000198dd8660a8 relative=0x00000000000004e8
Event: 1.332 Thread 0x00000198cd6699c0 Uncommon trap: reason=unstable_if action=reinterpret pc=0x00000198dd8660a8 method=java.lang.StringLatin1.newString([BII)Ljava/lang/String; @ 1 c2
Event: 1.332 Thread 0x00000198cd6699c0 DEOPT PACKING pc=0x00000198dd8660a8 sp=0x000000252a2fed70
Event: 1.332 Thread 0x00000198cd6699c0 DEOPT UNPACKING pc=0x00000198dd304422 sp=0x000000252a2fed50 mode 2

Classes loaded (20 events):
Event: 0.163 Loading class sun/nio/fs/WindowsPath$WindowsPathWithAttributes
Event: 0.163 Loading class sun/nio/fs/BasicFileAttributesHolder
Event: 0.163 Loading class sun/nio/fs/BasicFileAttributesHolder done
Event: 0.163 Loading class sun/nio/fs/WindowsPath$WindowsPathWithAttributes done
Event: 1.322 Loading class jdk/internal/module/ModuleReferenceImpl$CachedHash
Event: 1.322 Loading class jdk/internal/module/ModuleReferenceImpl$CachedHash done
Event: 1.335 Loading class java/lang/WeakPairMap$Pair$Weak
Event: 1.335 Loading class java/lang/WeakPairMap$WeakRefPeer
Event: 1.335 Loading class java/lang/WeakPairMap$WeakRefPeer done
Event: 1.335 Loading class java/lang/WeakPairMap$Pair$Weak done
Event: 1.335 Loading class java/lang/WeakPairMap$Pair$Weak$1
Event: 1.335 Loading class java/lang/WeakPairMap$Pair$Weak$1 done
Event: 1.352 Loading class sun/instrument/InstrumentationImpl
Event: 1.352 Loading class java/lang/instrument/Instrumentation
Event: 1.352 Loading class java/lang/instrument/Instrumentation done
Event: 1.353 Loading class sun/instrument/InstrumentationImpl done
Event: 1.354 Loading class sun/instrument/TransformerManager
Event: 1.354 Loading class sun/instrument/TransformerManager done
Event: 1.354 Loading class sun/instrument/TransformerManager$TransformerInfo
Event: 1.354 Loading class sun/instrument/TransformerManager$TransformerInfo done

Classes unloaded (0 events):
No events

Classes redefined (0 events):
No events

Internal exceptions (6 events):
Event: 0.160 Thread 0x00000198cd6699c0 Exception <a 'java/lang/NoSuchMethodError'{0x0000000713ca2720}: 'void java.lang.invoke.DirectMethodHandle$Holder.invokeVirtual(java.lang.Object, java.lang.Object)'> (0x0000000713ca2720) 
thrown [s\src\hotspot\share\interpreter\linkResolver.cpp, line 773]
Event: 0.161 Thread 0x00000198cd6699c0 Exception <a 'java/lang/NoSuchMethodError'{0x0000000713cad3e0}: 'java.lang.Object java.lang.invoke.DirectMethodHandle$Holder.invokeInterface(java.lang.Object, java.lang.Object, java.lang.Object)'> (0x0000000713cad3e0) 
thrown [s\src\hotspot\share\interpreter\linkResolver.cpp, line 773]
Event: 1.321 Thread 0x00000198cd6699c0 Exception <a 'java/lang/NoSuchMethodError'{0x00000007138d8568}: 'void java.lang.invoke.DirectMethodHandle$Holder.invokeSpecial(java.lang.Object, java.lang.Object, java.lang.Object, java.lang.Object, java.lang.Object)'> (0x00000007138d8568) 
thrown [s\src\hotspot\share\interpreter\linkResolver.cpp, line 773]
Event: 1.324 Thread 0x00000198cd6699c0 Exception <a 'java/lang/NoSuchMethodError'{0x00000007138ef368}: 'java.lang.Object java.lang.invoke.DirectMethodHandle$Holder.invokeInterface(java.lang.Object, java.lang.Object)'> (0x00000007138ef368) 
thrown [s\src\hotspot\share\interpreter\linkResolver.cpp, line 773]
Event: 1.324 Thread 0x00000198cd6699c0 Exception <a 'java/lang/IncompatibleClassChangeError'{0x00000007138f25f0}: Found class java.lang.Object, but interface was expected> (0x00000007138f25f0) 
thrown [s\src\hotspot\share\interpreter\linkResolver.cpp, line 840]
Event: 1.325 Thread 0x00000198cd6699c0 Exception <a 'java/lang/NoSuchMethodError'{0x00000007138f4fa0}: 'void java.lang.invoke.DirectMethodHandle$Holder.invokeStatic(java.lang.Object, java.lang.Object, java.lang.Object, java.lang.Object)'> (0x00000007138f4fa0) 
thrown [s\src\hotspot\share\interpreter\linkResolver.cpp, line 773]

ZGC Phase Switch (0 events):
No events

VM Operations (8 events):
Event: 1.053 Executing VM operation: Cleanup
Event: 1.260 Executing VM operation: Cleanup done
Event: 1.312 Executing VM operation: HandshakeAllThreads (Deoptimize)
Event: 1.312 Executing VM operation: HandshakeAllThreads (Deoptimize) done
Event: 1.312 Executing VM operation: HandshakeAllThreads (Deoptimize)
Event: 1.312 Executing VM operation: HandshakeAllThreads (Deoptimize) done
Event: 2.313 Executing VM operation: Cleanup
Event: 2.313 Executing VM operation: Cleanup done

Memory protections (0 events):
No events

Nmethod flushes (0 events):
No events

Events (12 events):
Event: 0.047 Thread 0x00000198cd6699c0 Thread added: 0x00000198cd6699c0
Event: 0.058 Thread 0x00000198cd6699c0 Thread added: 0x00000198ec58f1c0
Event: 0.058 Thread 0x00000198cd6699c0 Thread added: 0x00000198ec591c20
Event: 0.058 Thread 0x00000198cd6699c0 Thread added: 0x00000198ec594470
Event: 0.058 Thread 0x00000198cd6699c0 Thread added: 0x00000198ec596150
Event: 0.058 Thread 0x00000198cd6699c0 Thread added: 0x00000198ec597710
Event: 0.058 Thread 0x00000198cd6699c0 Thread added: 0x00000198ec5a0ce0
Event: 0.058 Thread 0x00000198cd6699c0 Thread added: 0x00000198ec5a5280
Event: 0.058 Thread 0x00000198cd6699c0 Thread added: 0x00000198ec5a5d10
Event: 0.084 Thread 0x00000198cd6699c0 Thread added: 0x00000198f10e4df0
Event: 0.216 Thread 0x00000198ec5a5d10 Thread added: 0x00000198f1192b30
Event: 0.220 Thread 0x00000198ec5a5d10 Thread added: 0x00000198f12e7870


Dynamic libraries:
0x00007ff725390000 - 0x00007ff72539e000 	C:\Users\ADMIN\.jdks\ms-21.0.9\bin\java.exe
0x00007ffbd2b00000 - 0x00007ffbd2d69000 	C:\WINDOWS\SYSTEM32\ntdll.dll
0x00007ffbd0d60000 - 0x00007ffbd0e29000 	C:\WINDOWS\System32\KERNEL32.DLL
0x00007ffbd01d0000 - 0x00007ffbd05c3000 	C:\WINDOWS\System32\KERNELBASE.dll
0x00007ffbd0080000 - 0x00007ffbd01cb000 	C:\WINDOWS\System32\ucrtbase.dll
0x00007ffb59190000 - 0x00007ffb591a8000 	C:\Users\ADMIN\.jdks\ms-21.0.9\bin\jli.dll
0x00007ffb591b0000 - 0x00007ffb591ce000 	C:\Users\ADMIN\.jdks\ms-21.0.9\bin\VCRUNTIME140.dll
0x00007ffbd0b90000 - 0x00007ffbd0d54000 	C:\WINDOWS\System32\USER32.dll
0x00007ffbd05d0000 - 0x00007ffbd05f7000 	C:\WINDOWS\System32\win32u.dll
0x00007ffbafa00000 - 0x00007ffbafc93000 	C:\WINDOWS\WinSxS\amd64_microsoft.windows.common-controls_6595b64144ccf1df_6.0.26100.5074_none_3e0d6f78e32fd63f\COMCTL32.dll
0x00007ffbd1110000 - 0x00007ffbd113b000 	C:\WINDOWS\System32\GDI32.dll
0x00007ffbd08d0000 - 0x00007ffbd0979000 	C:\WINDOWS\System32\msvcrt.dll
0x00007ffbcff50000 - 0x00007ffbd007d000 	C:\WINDOWS\System32\gdi32full.dll
0x00007ffbd0600000 - 0x00007ffbd06a3000 	C:\WINDOWS\System32\msvcp_win.dll
0x00007ffbd2940000 - 0x00007ffbd296f000 	C:\WINDOWS\System32\IMM32.DLL
0x00007ffb89bf0000 - 0x00007ffb89bfc000 	C:\Users\ADMIN\.jdks\ms-21.0.9\bin\vcruntime140_1.dll
0x00007ffb55400000 - 0x00007ffb55489000 	C:\Users\ADMIN\.jdks\ms-21.0.9\bin\msvcp140.dll
0x00007ffb51200000 - 0x00007ffb51fad000 	C:\Users\ADMIN\.jdks\ms-21.0.9\bin\server\jvm.dll
0x00007ffbd2880000 - 0x00007ffbd2934000 	C:\WINDOWS\System32\ADVAPI32.dll
0x00007ffbd2980000 - 0x00007ffbd2a26000 	C:\WINDOWS\System32\sechost.dll
0x00007ffbd2700000 - 0x00007ffbd2818000 	C:\WINDOWS\System32\RPCRT4.dll
0x00007ffbd0af0000 - 0x00007ffbd0b64000 	C:\WINDOWS\System32\WS2_32.dll
0x00007ffbcfaf0000 - 0x00007ffbcfb4e000 	C:\WINDOWS\SYSTEM32\POWRPROF.dll
0x00007ffbb7dd0000 - 0x00007ffbb7ddb000 	C:\WINDOWS\SYSTEM32\VERSION.dll
0x00007ffbc7a40000 - 0x00007ffbc7a75000 	C:\WINDOWS\SYSTEM32\WINMM.dll
0x00007ffbcfad0000 - 0x00007ffbcfae4000 	C:\WINDOWS\SYSTEM32\UMPDC.dll
0x00007ffbcea40000 - 0x00007ffbcea5b000 	C:\WINDOWS\SYSTEM32\kernel.appcore.dll
0x00007ffb615d0000 - 0x00007ffb615da000 	C:\Users\ADMIN\.jdks\ms-21.0.9\bin\jimage.dll
0x00007ffbccc30000 - 0x00007ffbcce72000 	C:\WINDOWS\SYSTEM32\DBGHELP.DLL
0x00007ffbd19a0000 - 0x00007ffbd1d1b000 	C:\WINDOWS\System32\combase.dll
0x00007ffbd1030000 - 0x00007ffbd1107000 	C:\WINDOWS\System32\OLEAUT32.dll
0x00007ffbacb10000 - 0x00007ffbacb4d000 	C:\WINDOWS\SYSTEM32\dbgcore.DLL
0x00007ffbd0830000 - 0x00007ffbd08c9000 	C:\WINDOWS\System32\bcryptPrimitives.dll
0x00007ffb60680000 - 0x00007ffb60690000 	C:\Users\ADMIN\.jdks\ms-21.0.9\bin\instrument.dll
0x00007ffb4e2a0000 - 0x00007ffb4e2c1000 	C:\Users\ADMIN\.jdks\ms-21.0.9\bin\java.dll
0x00007ffbd1140000 - 0x00007ffbd188d000 	C:\WINDOWS\System32\SHELL32.dll
0x00007ffbcfc90000 - 0x00007ffbcfdfc000 	C:\WINDOWS\System32\wintypes.dll
0x00007ffbcd8b0000 - 0x00007ffbce109000 	C:\WINDOWS\SYSTEM32\windows.storage.dll
0x00007ffbd1ec0000 - 0x00007ffbd1fb0000 	C:\WINDOWS\System32\SHCORE.dll
0x00007ffbd0a80000 - 0x00007ffbd0ae2000 	C:\WINDOWS\System32\shlwapi.dll
0x00007ffbcfbb0000 - 0x00007ffbcfbd9000 	C:\WINDOWS\SYSTEM32\profapi.dll
0x00007ffb4cf60000 - 0x00007ffb4d036000 	C:\Users\ADMIN\.jdks\ms-21.0.9\bin\jsvml.dll
0x00007ffb553e0000 - 0x00007ffb553f1000 	C:\Users\ADMIN\.jdks\ms-21.0.9\bin\net.dll
0x00007ffbc7910000 - 0x00007ffbc7a2f000 	C:\WINDOWS\SYSTEM32\WINHTTP.dll
0x00007ffbcefa0000 - 0x00007ffbcf00b000 	C:\WINDOWS\system32\mswsock.dll
0x00007ffb4cf40000 - 0x00007ffb4cf56000 	C:\Users\ADMIN\.jdks\ms-21.0.9\bin\nio.dll
0x00007ffb4ce20000 - 0x00007ffb4ce38000 	C:\Users\ADMIN\.jdks\ms-21.0.9\bin\zip.dll

JVMTI agents:
C:\Program Files\JetBrains\IntelliJ IDEA Community Edition 2025.2.5\lib\idea_rt.jar path:C:\Users\ADMIN\.jdks\ms-21.0.9\bin\instrument.dll, loaded, initialized, instrumentlib options:49715

dbghelp: loaded successfully - version: 4.0.5 - missing functions: none
symbol engine: initialized successfully - sym options: 0x614 - pdb path: .;C:\Users\ADMIN\.jdks\ms-21.0.9\bin;C:\WINDOWS\SYSTEM32;C:\WINDOWS\WinSxS\amd64_microsoft.windows.common-controls_6595b64144ccf1df_6.0.26100.5074_none_3e0d6f78e32fd63f;C:\Users\ADMIN\.jdks\ms-21.0.9\bin\server

VM Arguments:
jvm_args: -javaagent:C:\Program Files\JetBrains\IntelliJ IDEA Community Edition 2025.2.5\lib\idea_rt.jar=49715 -Dfile.encoding=UTF-8 -Dsun.stdout.encoding=UTF-8 -Dsun.stderr.encoding=UTF-8 --module-path=C:\Users\ADMIN\.m2\repository\org\openjfx\javafx-fxml\21.0.6\javafx-fxml-21.0.6-win.jar;D:\VSCODE\.vscode\PBL3\target\classes;C:\Users\ADMIN\.m2\repository\org\openjfx\javafx-graphics\21.0.6\javafx-graphics-21.0.6-win.jar;C:\Users\ADMIN\.m2\repository\org\openjfx\javafx-controls\21.0.6\javafx-controls-21.0.6-win.jar;C:\Users\ADMIN\.m2\repository\org\openjfx\javafx-base\21.0.6\javafx-base-21.0.6-win.jar;C:\Users\ADMIN\Downloads\fontawesomefx-8.2.jar -Djdk.module.main=PBL3 
java_command: PBL3/com.example.rentalcar.RentalApp
java_class_path (initial): C:\Users\ADMIN\.m2\repository\org\openjfx\javafx-controls\21.0.6\javafx-controls-21.0.6.jar;C:\Users\ADMIN\.m2\repository\org\openjfx\javafx-graphics\21.0.6\javafx-graphics-21.0.6.jar;C:\Users\ADMIN\.m2\repository\org\openjfx\javafx-base\21.0.6\javafx-base-21.0.6.jar;C:\Users\ADMIN\.m2\repository\org\openjfx\javafx-fxml\21.0.6\javafx-fxml-21.0.6.jar
Launcher Type: SUN_STANDARD

[Global flags]
     intx CICompilerCount                          = 4                                         {product} {ergonomic}
     uint ConcGCThreads                            = 3                                         {product} {ergonomic}
     uint G1ConcRefinementThreads                  = 10                                        {product} {ergonomic}
   size_t G1HeapRegionSize                         = 2097152                                   {product} {ergonomic}
    uintx GCDrainStackTargetSize                   = 64                                        {product} {ergonomic}
   size_t InitialHeapSize                          = 264241152                                 {product} {ergonomic}
   size_t MarkStackSize                            = 4194304                                   {product} {ergonomic}
   size_t MaxHeapSize                              = 4223664128                                {product} {ergonomic}
   size_t MaxNewSize                               = 2533359616                                {product} {ergonomic}
   size_t MinHeapDeltaBytes                        = 2097152                                   {product} {ergonomic}
   size_t MinHeapSize                              = 8388608                                   {product} {ergonomic}
    uintx NonNMethodCodeHeapSize                   = 5839372                                {pd product} {ergonomic}
    uintx NonProfiledCodeHeapSize                  = 122909434                              {pd product} {ergonomic}
    uintx ProfiledCodeHeapSize                     = 122909434                              {pd product} {ergonomic}
    uintx ReservedCodeCacheSize                    = 251658240                              {pd product} {ergonomic}
     bool SegmentedCodeCache                       = true                                      {product} {ergonomic}
   size_t SoftMaxHeapSize                          = 4223664128                             {manageable} {ergonomic}
     bool UseCompressedOops                        = true                           {product lp64_product} {ergonomic}
     bool UseG1GC                                  = true                                      {product} {ergonomic}
     bool UseLargePagesIndividualAllocation        = false                                  {pd product} {ergonomic}

Logging:
Log output configuration:
 #0: stdout all=warning uptime,level,tags foldmultilines=false
 #1: stderr all=off uptime,level,tags foldmultilines=false

Release file:
<release file has not been read>
Environment Variables:
PATH=C:\Program Files\Common Files\Oracle\Java\javapath;C:\WINDOWS\system32;C:\WINDOWS;C:\WINDOWS\System32\Wbem;C:\WINDOWS\System32\WindowsPowerShell\v1.0\;C:\WINDOWS\System32\OpenSSH\;C:\Program Files\nodejs\;C:\Program Files (x86)\Microsoft SQL Server\160\Tools\Binn\;C:\Program Files\Microsoft SQL Server\160\Tools\Binn\;C:\Program Files\Microsoft SQL Server\Client SDK\ODBC\170\Tools\Binn\;C:\Program Files\Microsoft SQL Server\160\DTS\Binn\;C:\Program Files\Git\cmd;C:\Program Files\dotnet\;C:\Users\ADMIN\AppData\Local\Programs\Python\Python314\Scripts\;C:\Users\ADMIN\AppData\Local\Programs\Python\Python314\;C:\Users\ADMIN\AppData\Local\Programs\Python\Launcher\;C:\Program Files\MySQL\MySQL Shell 8.0\bin\;C:\Users\ADMIN\AppData\Local\Microsoft\WindowsApps;C:\mingw64\bin;C:\Users\ADMIN\AppData\Local\Programs\Microsoft VS Code\bin;C:\Users\ADMIN\AppData\Roaming\npm;C:\Users\ADMIN\.dotnet\tools;C:\Program Files\JetBrains\IntelliJ IDEA 2025.3.1\bin;C:\Users\ADMIN\AppData\Local\JetBrains\Toolbox\scripts;;C:\Program Files\JetBrains\IntelliJ IDEA Community Edition 2025.2.5\bin;C:\Users\ADMIN\.dotnet\tools
USERNAME=ADMIN
OS=Windows_NT
PROCESSOR_IDENTIFIER=Intel64 Family 6 Model 154 Stepping 3, GenuineIntel
TMP=C:\Users\ADMIN\AppData\Local\Temp
TEMP=C:\Users\ADMIN\AppData\Local\Temp




Periodic native trim disabled

---------------  S Y S T E M  ---------------

OS:
 Windows 11 , 64 bit Build 26100 (10.0.26100.5074)
OS uptime: 0 days 0:04 hours
Hyper-V role detected

CPU: total 12 (initial active 12) (6 cores per cpu, 2 threads per core) family 6 model 154 stepping 3 microcode 0x433, cx8, cmov, fxsr, ht, mmx, 3dnowpref, sse, sse2, sse3, ssse3, sse4.1, sse4.2, popcnt, lzcnt, tsc, tscinvbit, avx, avx2, aes, erms, clmul, bmi1, bmi2, adx, sha, fma, vzeroupper, clflush, clflushopt, clwb, hv, serialize, rdtscp, rdpid, fsrm, f16c, cet_ibt, cet_ss
Processor Information for processor 0
  Max Mhz: 2000, Current Mhz: 2000, Mhz Limit: 2000
Processor Information for processor 1
  Max Mhz: 2000, Current Mhz: 1040, Mhz Limit: 2000
Processor Information for processor 2
  Max Mhz: 2000, Current Mhz: 2000, Mhz Limit: 2000
Processor Information for processor 3
  Max Mhz: 2000, Current Mhz: 2000, Mhz Limit: 2000
Processor Information for processor 4
  Max Mhz: 2000, Current Mhz: 2000, Mhz Limit: 2000
Processor Information for processor 5
  Max Mhz: 2000, Current Mhz: 2000, Mhz Limit: 2000
Processor Information for processor 6
  Max Mhz: 2000, Current Mhz: 2000, Mhz Limit: 2000
Processor Information for processor 7
  Max Mhz: 2000, Current Mhz: 2000, Mhz Limit: 2000
Processor Information for processor 8
  Max Mhz: 2000, Current Mhz: 1300, Mhz Limit: 1500
Processor Information for processor 9
  Max Mhz: 2000, Current Mhz: 1300, Mhz Limit: 1500
Processor Information for processor 10
  Max Mhz: 2000, Current Mhz: 1300, Mhz Limit: 1500
Processor Information for processor 11
  Max Mhz: 2000, Current Mhz: 1300, Mhz Limit: 1500

Memory: 4k page, system-wide physical 16107M (2066M free)
TotalPageFile size 16107M (AvailPageFile size 24M)
current process WorkingSet (physical memory assigned to process): 62M, peak: 62M
current process commit charge ("private bytes"): 357M, peak: 359M

vm_info: OpenJDK 64-Bit Server VM (21.0.9+10-LTS) for windows-amd64 JRE (21.0.9+10-LTS), built on 2025-10-13T22:04:36Z by "MicrosoftCorporation" with unknown MS VC++:1944

END.
